<?xml version="1.0" encoding="UTF-8"?>
<testsuites name="Amazon_Basic_TS_FooterLinks_004" time="50.949" tests="2" failures="0" errors="0">
   <testsuite name="Amazon_Basic_TS_FooterLinks_004" tests="2" failures="0" errors="0" time="50.949" skipped="0" timestamp="29-01-2024T02:18:39" hostname="Lenovo - Durgesh" id="Test Suites/Amazon_Test_Suites/Amazon_Basic_TS_FooterLinks_004">
      <properties>
         <property name="deviceName" value=""/>
         <property name="devicePlatform" value=""/>
         <property name="logFolder" value="C:\\Users\\Lenovo\\git\\Katalon_Automation_Testing_SB_Amazon\\Reports\\20240129_021835\\Amazon_Test_Suites\\Amazon_Basic_TS_FooterLinks_004\\20240129_021835"/>
         <property name="logFiles" value="C:\\Users\\Lenovo\\git\\Katalon_Automation_Testing_SB_Amazon\\Reports\\20240129_021835\\Amazon_Test_Suites\\Amazon_Basic_TS_FooterLinks_004\\20240129_021835\\execution0.log"/>
         <property name="attachments" value=""/>
         <property name="hostName" value="Lenovo - Durgesh"/>
         <property name="os" value="Windows 11 64bit"/>
         <property name="katalonVersion" value="9.2.0.212"/>
         <property name="browser" value="Chrome 121.0.0.0"/>
         <property name="hostAddress" value="192.168.1.10"/>
         <property name="sessionId" value="8a996eb20048fbcf21957d1e9f31e5f7"/>
         <property name="seleniumVersion" value="3.141.59"/>
         <property name="proxyInformation" value="ProxyInformation { proxyOption=NO_PROXY, proxyServerType=HTTP, username=, password=********, proxyServerAddress=, proxyServerPort=0, executionList=&quot;&quot;, isApplyToDesiredCapabilities=true }"/>
         <property name="platform" value="Windows 11"/>
      </properties>
      <testcase name="Test Cases/Amazon_Test Case/Amazon_TC_HeaderButton_003" time="34.512" classname="Test Cases/Amazon_Test Case/Amazon_TC_HeaderButton_003" status="PASSED">
         <system-out><![CDATA[29-01-2024T02:18:40 - [TEST_CASE][PASSED] - Test Cases/Amazon_Test Case/Amazon_TC_HeaderButton_003: Test Cases/Amazon_Test Case/Amazon_TC_HeaderButton_003

29-01-2024T02:18:40 - [TEST_STEP][PASSED] - Start listener action : onTestCaseStrat: null

29-01-2024T02:18:40 - [TEST_STEP][PASSED] - println("
 I am inside onTestCaseStrat Function"): null

29-01-2024T02:18:40 - [TEST_STEP][PASSED] - Start listener action : onTestCaseStrat: null

29-01-2024T02:18:40 - [TEST_STEP][PASSED] - println("
 I am inside onTestCaseStrat Function"): null

29-01-2024T02:18:40 - [TEST_STEP][PASSED] - openBrowser(""): Browser is opened with url: ''

29-01-2024T02:18:41 - [MESSAGE][INFO] - Starting 'Chrome' driver

29-01-2024T02:18:41 - [MESSAGE][INFO] - Action delay is set to 0 milliseconds

29-01-2024T02:18:42 - [MESSAGE][PASSED] - Browser is opened with url: ''

29-01-2024T02:18:42 - [TEST_STEP][PASSED] - navigateToUrl("https://www.amazon.in/"): Navigate to 'https://www.amazon.in/' successfully

29-01-2024T02:18:43 - [MESSAGE][PASSED] - Navigate to 'https://www.amazon.in/' successfully

29-01-2024T02:18:43 - [TEST_STEP][PASSED] - maximizeWindow(): Current window maximized

29-01-2024T02:18:43 - [MESSAGE][PASSED] - Current window maximized

29-01-2024T02:18:43 - [TEST_STEP][PASSED] - click(findTestObject("Object Repository/Amazon_Pages_HeaderButton_OR/Page_Online Shopping site in India Shop Onl_10c5f3/a_Sell")): Object: 'Object Repository/Amazon_Pages_HeaderButton_OR/Page_Online Shopping site in India Shop Onl_10c5f3/a_Sell' is clicked on

29-01-2024T02:18:46 - [MESSAGE][PASSED] - Object: 'Object Repository/Amazon_Pages_HeaderButton_OR/Page_Online Shopping site in India Shop Onl_10c5f3/a_Sell' is clicked on

29-01-2024T02:18:46 - [TEST_STEP][PASSED] - click(findTestObject("Object Repository/Amazon_Pages_HeaderButton_OR/Page_Amazon.in CrossShop1/a_Best Sellers")): Object: 'Object Repository/Amazon_Pages_HeaderButton_OR/Page_Amazon.in CrossShop1/a_Best Sellers' is clicked on

29-01-2024T02:18:49 - [MESSAGE][PASSED] - Object: 'Object Repository/Amazon_Pages_HeaderButton_OR/Page_Amazon.in CrossShop1/a_Best Sellers' is clicked on

29-01-2024T02:18:49 - [TEST_STEP][PASSED] - click(findTestObject("Object Repository/Amazon_Pages_HeaderButton_OR/Page_Amazon.in Bestsellers The most popular_e30680/a_Todays Deals")): Object: 'Object Repository/Amazon_Pages_HeaderButton_OR/Page_Amazon.in Bestsellers The most popular_e30680/a_Todays Deals' is clicked on

29-01-2024T02:18:51 - [MESSAGE][PASSED] - Object: 'Object Repository/Amazon_Pages_HeaderButton_OR/Page_Amazon.in Bestsellers The most popular_e30680/a_Todays Deals' is clicked on

29-01-2024T02:18:51 - [TEST_STEP][PASSED] - click(findTestObject("Object Repository/Amazon_Pages_HeaderButton_OR/Page_Amazon.in - Deals/a_Mobiles")): Object: 'Object Repository/Amazon_Pages_HeaderButton_OR/Page_Amazon.in - Deals/a_Mobiles' is clicked on

29-01-2024T02:18:55 - [MESSAGE][PASSED] - Object: 'Object Repository/Amazon_Pages_HeaderButton_OR/Page_Amazon.in - Deals/a_Mobiles' is clicked on

29-01-2024T02:18:55 - [TEST_STEP][PASSED] - click(findTestObject("Object Repository/Amazon_Pages_HeaderButton_OR/Page_Mobile Phones Buy New Mobiles Online a_11ca6d/a_Electronics")): Object: 'Object Repository/Amazon_Pages_HeaderButton_OR/Page_Mobile Phones Buy New Mobiles Online a_11ca6d/a_Electronics' is clicked on

29-01-2024T02:19:02 - [MESSAGE][PASSED] - Object: 'Object Repository/Amazon_Pages_HeaderButton_OR/Page_Mobile Phones Buy New Mobiles Online a_11ca6d/a_Electronics' is clicked on

29-01-2024T02:19:02 - [TEST_STEP][PASSED] - click(findTestObject("Object Repository/Amazon_Pages_HeaderButton_OR/Page_Help - Amazon Customer Service/a_Prime")): Object: 'Object Repository/Amazon_Pages_HeaderButton_OR/Page_Help - Amazon Customer Service/a_Prime' is clicked on

29-01-2024T02:19:04 - [MESSAGE][PASSED] - Object: 'Object Repository/Amazon_Pages_HeaderButton_OR/Page_Help - Amazon Customer Service/a_Prime' is clicked on

29-01-2024T02:19:04 - [TEST_STEP][PASSED] - click(findTestObject("Object Repository/Amazon_Pages_HeaderButton_OR/Page_Amazon.in Amazon Prime - 30 Day FREE Trial/a_New Releases")): Object: 'Object Repository/Amazon_Pages_HeaderButton_OR/Page_Amazon.in Amazon Prime - 30 Day FREE Trial/a_New Releases' is clicked on

29-01-2024T02:19:08 - [MESSAGE][PASSED] - Object: 'Object Repository/Amazon_Pages_HeaderButton_OR/Page_Amazon.in Amazon Prime - 30 Day FREE Trial/a_New Releases' is clicked on

29-01-2024T02:19:08 - [TEST_STEP][PASSED] - click(findTestObject("Object Repository/Amazon_Pages_HeaderButton_OR/Page_Amazon.in Hot New Releases The bestsel_0a911b/a_Gift Ideas")): Object: 'Object Repository/Amazon_Pages_HeaderButton_OR/Page_Amazon.in Hot New Releases The bestsel_0a911b/a_Gift Ideas' is clicked on

29-01-2024T02:19:10 - [MESSAGE][PASSED] - Object: 'Object Repository/Amazon_Pages_HeaderButton_OR/Page_Amazon.in Hot New Releases The bestsel_0a911b/a_Gift Ideas' is clicked on

29-01-2024T02:19:10 - [TEST_STEP][PASSED] - click(findTestObject("Object Repository/Amazon_Pages_HeaderButton_OR/Page_Gifts for Everyone  Amazon.in Gift Finder/a_Home  Kitchen")): Object: 'Object Repository/Amazon_Pages_HeaderButton_OR/Page_Gifts for Everyone  Amazon.in Gift Finder/a_Home  Kitchen' is clicked on

29-01-2024T02:19:14 - [MESSAGE][PASSED] - Object: 'Object Repository/Amazon_Pages_HeaderButton_OR/Page_Gifts for Everyone  Amazon.in Gift Finder/a_Home  Kitchen' is clicked on

29-01-2024T02:19:14 - [TEST_STEP][PASSED] - closeBrowser(): Browser is closed

29-01-2024T02:19:14 - [MESSAGE][PASSED] - Browser is closed

29-01-2024T02:19:14 - [TEST_STEP][PASSED] - Start listener action : sampleAfterTestCase: null

29-01-2024T02:19:14 - [TEST_STEP][PASSED] - println("
 I am inside sampleAfterTestCase Function"): null

29-01-2024T02:19:14 - [TEST_STEP][PASSED] - Start listener action : sampleAfterTestCase: null

29-01-2024T02:19:14 - [TEST_STEP][PASSED] - println("
 I am inside sampleAfterTestCase Function"): null

29-01-2024T02:19:14 - [TEST_STEP][PASSED] - Start listener action : sampleAfterTestCase: null

29-01-2024T02:19:14 - [TEST_STEP][PASSED] - println("
 I am inside sampleAfterTestCase Function"): null]]></system-out>
         <system-err><![CDATA[]]></system-err>
      </testcase>
      <testcase name="Test Cases/Amazon_Test Case/Amazon_TC_FooterLinks_004" time="16.079" classname="Test Cases/Amazon_Test Case/Amazon_TC_FooterLinks_004" status="PASSED">
         <system-out><![CDATA[29-01-2024T02:19:14 - [TEST_CASE][PASSED] - Test Cases/Amazon_Test Case/Amazon_TC_FooterLinks_004: Test Cases/Amazon_Test Case/Amazon_TC_FooterLinks_004

29-01-2024T02:19:14 - [TEST_STEP][PASSED] - Start listener action : onTestCaseStrat: null

29-01-2024T02:19:14 - [TEST_STEP][PASSED] - println("
 I am inside onTestCaseStrat Function"): null

29-01-2024T02:19:14 - [TEST_STEP][PASSED] - Start listener action : onTestCaseStrat: null

29-01-2024T02:19:14 - [TEST_STEP][PASSED] - println("
 I am inside onTestCaseStrat Function"): null

29-01-2024T02:19:14 - [TEST_STEP][PASSED] - openBrowser(""): Browser is opened with url: ''

29-01-2024T02:19:14 - [MESSAGE][INFO] - Starting 'Chrome' driver

29-01-2024T02:19:15 - [MESSAGE][INFO] - Action delay is set to 0 milliseconds

29-01-2024T02:19:16 - [MESSAGE][PASSED] - Browser is opened with url: ''

29-01-2024T02:19:16 - [TEST_STEP][PASSED] - navigateToUrl("https://www.amazon.in/"): Navigate to 'https://www.amazon.in/' successfully

29-01-2024T02:19:17 - [MESSAGE][PASSED] - Navigate to 'https://www.amazon.in/' successfully

29-01-2024T02:19:17 - [TEST_STEP][PASSED] - click(findTestObject("Object Repository/Amazon_pages_FooterLinks_OR/Page_Online Shopping site in India Shop Onl_10c5f3/a_Australia")): Object: 'Object Repository/Amazon_pages_FooterLinks_OR/Page_Online Shopping site in India Shop Onl_10c5f3/a_Australia' is clicked on

29-01-2024T02:19:20 - [MESSAGE][PASSED] - Object: 'Object Repository/Amazon_pages_FooterLinks_OR/Page_Online Shopping site in India Shop Onl_10c5f3/a_Australia' is clicked on

29-01-2024T02:19:20 - [TEST_STEP][PASSED] - click(findTestObject("Object Repository/Amazon_pages_FooterLinks_OR/Page_Amazon.com.au Shop online for Electron_18857a/a_Brazil")): Object: 'Object Repository/Amazon_pages_FooterLinks_OR/Page_Amazon.com.au Shop online for Electron_18857a/a_Brazil' is clicked on

29-01-2024T02:19:23 - [MESSAGE][PASSED] - Object: 'Object Repository/Amazon_pages_FooterLinks_OR/Page_Amazon.com.au Shop online for Electron_18857a/a_Brazil' is clicked on

29-01-2024T02:19:23 - [TEST_STEP][PASSED] - click(findTestObject("Object Repository/Amazon_pages_FooterLinks_OR/Page_Amazon.com.br  Tudo pra voc, de A a Z/a_ndia")): Object: 'Object Repository/Amazon_pages_FooterLinks_OR/Page_Amazon.com.br  Tudo pra voc, de A a Z/a_ndia' is clicked on

29-01-2024T02:19:27 - [MESSAGE][PASSED] - Object: 'Object Repository/Amazon_pages_FooterLinks_OR/Page_Amazon.com.br  Tudo pra voc, de A a Z/a_ndia' is clicked on

29-01-2024T02:19:27 - [TEST_STEP][PASSED] - click(findTestObject("Object Repository/Amazon_pages_FooterLinks_OR/Page_Online Shopping site in India Shop Onl_10c5f3/a_Japan")): Object: 'Object Repository/Amazon_pages_FooterLinks_OR/Page_Online Shopping site in India Shop Onl_10c5f3/a_Japan' is clicked on

29-01-2024T02:19:30 - [MESSAGE][PASSED] - Object: 'Object Repository/Amazon_pages_FooterLinks_OR/Page_Online Shopping site in India Shop Onl_10c5f3/a_Japan' is clicked on

29-01-2024T02:19:30 - [TEST_STEP][PASSED] - closeBrowser(): Browser is closed

29-01-2024T02:19:30 - [MESSAGE][PASSED] - Browser is closed

29-01-2024T02:19:30 - [TEST_STEP][PASSED] - Start listener action : sampleAfterTestCase: null

29-01-2024T02:19:30 - [TEST_STEP][PASSED] - println("
 I am inside sampleAfterTestCase Function"): null

29-01-2024T02:19:30 - [TEST_STEP][PASSED] - Start listener action : sampleAfterTestCase: null

29-01-2024T02:19:30 - [TEST_STEP][PASSED] - println("
 I am inside sampleAfterTestCase Function"): null

29-01-2024T02:19:30 - [TEST_STEP][PASSED] - Start listener action : sampleAfterTestCase: null

29-01-2024T02:19:30 - [TEST_STEP][PASSED] - println("
 I am inside sampleAfterTestCase Function"): null]]></system-out>
         <system-err><![CDATA[]]></system-err>
      </testcase>
      <system-out><![CDATA[29-01-2024T02:18:39 - [TEST_SUITE][PASSED] - Amazon_Basic_TS_FooterLinks_004: Test Cases/Amazon_Test Case/Amazon_TC_FooterLinks_004]]></system-out>
      <system-err><![CDATA[]]></system-err>
   </testsuite>
</testsuites>
