<?xml version="1.0" encoding="UTF-8"?>
<testsuites name="Amazon_Basic_TS_HeaderButton_003" time="147.012" tests="2" failures="0" errors="0">
   <testsuite name="Amazon_Basic_TS_HeaderButton_003" tests="2" failures="0" errors="0" time="147.012" skipped="0" timestamp="02-02-2024T21:30:16" hostname="Lenovo - Durgesh" id="Test Suites/Amazon_Test_Suites/Amazon_Basic_TS_HeaderButton_003">
      <properties>
         <property name="deviceName" value=""/>
         <property name="devicePlatform" value=""/>
         <property name="logFolder" value="C:\\Users\\Lenovo\\git\\Katalon_Automation_Testing_SB_Amazon\\Reports\\20240202_213011\\Amazon_Test_Suites\\Amazon_Basic_TS_HeaderButton_003\\20240202_213011"/>
         <property name="logFiles" value="C:\\Users\\Lenovo\\git\\Katalon_Automation_Testing_SB_Amazon\\Reports\\20240202_213011\\Amazon_Test_Suites\\Amazon_Basic_TS_HeaderButton_003\\20240202_213011\\execution0.log"/>
         <property name="attachments" value=""/>
         <property name="hostName" value="Lenovo - Durgesh"/>
         <property name="os" value="Windows 11 64bit"/>
         <property name="katalonVersion" value="9.2.0.212"/>
         <property name="browser" value="Chrome 121.0.0.0"/>
         <property name="hostAddress" value="192.168.43.195"/>
         <property name="sessionId" value="35a8070954923cac74b8c9fbc5d1fd68"/>
         <property name="seleniumVersion" value="3.141.59"/>
         <property name="proxyInformation" value="ProxyInformation { proxyOption=NO_PROXY, proxyServerType=HTTP, username=, password=********, proxyServerAddress=, proxyServerPort=0, executionList=&quot;&quot;, isApplyToDesiredCapabilities=true }"/>
         <property name="platform" value="Windows 11"/>
      </properties>
      <testcase name="Test Cases/Amazon_Test Case/Amazon_TC_HeaderButton_003" time="80.767" classname="Test Cases/Amazon_Test Case/Amazon_TC_HeaderButton_003" status="PASSED">
         <system-out><![CDATA[02-02-2024T21:30:16 - [TEST_CASE][PASSED] - Test Cases/Amazon_Test Case/Amazon_TC_HeaderButton_003: Test Cases/Amazon_Test Case/Amazon_TC_HeaderButton_003

02-02-2024T21:30:16 - [TEST_STEP][PASSED] - openBrowser(""): Browser is opened with url: ''

02-02-2024T21:30:17 - [MESSAGE][INFO] - Starting 'Chrome' driver

02-02-2024T21:30:17 - [MESSAGE][INFO] - Action delay is set to 0 milliseconds

02-02-2024T21:30:19 - [MESSAGE][PASSED] - Browser is opened with url: ''

02-02-2024T21:30:19 - [TEST_STEP][PASSED] - navigateToUrl("https://www.amazon.in/"): Navigate to 'https://www.amazon.in/' successfully

02-02-2024T21:30:22 - [MESSAGE][PASSED] - Navigate to 'https://www.amazon.in/' successfully

02-02-2024T21:30:22 - [TEST_STEP][PASSED] - maximizeWindow(): Current window maximized

02-02-2024T21:30:22 - [MESSAGE][PASSED] - Current window maximized

02-02-2024T21:30:22 - [TEST_STEP][PASSED] - click(findTestObject("Object Repository/Amazon_Pages_HeaderButton_OR/Page_Online Shopping site in India Shop Onl_10c5f3/a_Sell")): Object: 'Object Repository/Amazon_Pages_HeaderButton_OR/Page_Online Shopping site in India Shop Onl_10c5f3/a_Sell' is clicked on

02-02-2024T21:30:30 - [MESSAGE][PASSED] - Object: 'Object Repository/Amazon_Pages_HeaderButton_OR/Page_Online Shopping site in India Shop Onl_10c5f3/a_Sell' is clicked on

02-02-2024T21:30:30 - [TEST_STEP][PASSED] - click(findTestObject("Object Repository/Amazon_Pages_HeaderButton_OR/Page_Amazon.in CrossShop1/a_Best Sellers")): Object: 'Object Repository/Amazon_Pages_HeaderButton_OR/Page_Amazon.in CrossShop1/a_Best Sellers' is clicked on

02-02-2024T21:30:35 - [MESSAGE][PASSED] - Object: 'Object Repository/Amazon_Pages_HeaderButton_OR/Page_Amazon.in CrossShop1/a_Best Sellers' is clicked on

02-02-2024T21:30:35 - [TEST_STEP][PASSED] - click(findTestObject("Object Repository/Amazon_Pages_HeaderButton_OR/Page_Amazon.in Bestsellers The most popular_e30680/a_Mobiles")): Object: 'Object Repository/Amazon_Pages_HeaderButton_OR/Page_Amazon.in Bestsellers The most popular_e30680/a_Mobiles' is clicked on

02-02-2024T21:30:49 - [MESSAGE][PASSED] - Object: 'Object Repository/Amazon_Pages_HeaderButton_OR/Page_Amazon.in Bestsellers The most popular_e30680/a_Mobiles' is clicked on

02-02-2024T21:30:49 - [TEST_STEP][PASSED] - click(findTestObject("Object Repository/Amazon_Pages_HeaderButton_OR/Page_Amazon.in - Deals/a_Electronics")): Object: 'Object Repository/Amazon_Pages_HeaderButton_OR/Page_Amazon.in - Deals/a_Electronics' is clicked on

02-02-2024T21:31:21 - [MESSAGE][PASSED] - Object: 'Object Repository/Amazon_Pages_HeaderButton_OR/Page_Amazon.in - Deals/a_Electronics' is clicked on

02-02-2024T21:31:21 - [TEST_STEP][PASSED] - click(findTestObject("Object Repository/Amazon_Pages_HeaderButton_OR/Page_Electronics Store Buy Electronics prod_1485cf/a_Customer Service")): Object: 'Object Repository/Amazon_Pages_HeaderButton_OR/Page_Electronics Store Buy Electronics prod_1485cf/a_Customer Service' is clicked on

02-02-2024T21:31:26 - [MESSAGE][PASSED] - Object: 'Object Repository/Amazon_Pages_HeaderButton_OR/Page_Electronics Store Buy Electronics prod_1485cf/a_Customer Service' is clicked on

02-02-2024T21:31:26 - [TEST_STEP][PASSED] - click(findTestObject("Object Repository/Amazon_Pages_HeaderButton_OR/Page_Help - Amazon Customer Service/a_New Releases")): Object: 'Object Repository/Amazon_Pages_HeaderButton_OR/Page_Help - Amazon Customer Service/a_New Releases' is clicked on

02-02-2024T21:31:31 - [MESSAGE][PASSED] - Object: 'Object Repository/Amazon_Pages_HeaderButton_OR/Page_Help - Amazon Customer Service/a_New Releases' is clicked on

02-02-2024T21:31:31 - [TEST_STEP][PASSED] - click(findTestObject("Object Repository/Amazon_Pages_HeaderButton_OR/Page_Amazon.in Hot New Releases The bestsel_0a911b/span_Prime")): Object: 'Object Repository/Amazon_Pages_HeaderButton_OR/Page_Amazon.in Hot New Releases The bestsel_0a911b/span_Prime' is clicked on

02-02-2024T21:31:34 - [MESSAGE][PASSED] - Object: 'Object Repository/Amazon_Pages_HeaderButton_OR/Page_Amazon.in Hot New Releases The bestsel_0a911b/span_Prime' is clicked on

02-02-2024T21:31:34 - [TEST_STEP][PASSED] - click(findTestObject("Object Repository/Amazon_Pages_HeaderButton_OR/Page_Gifts for Everyone  Amazon.in Gift Finder/a_Gift Ideas")): Object: 'Object Repository/Amazon_Pages_HeaderButton_OR/Page_Gifts for Everyone  Amazon.in Gift Finder/a_Gift Ideas' is clicked on

02-02-2024T21:31:36 - [MESSAGE][PASSED] - Object: 'Object Repository/Amazon_Pages_HeaderButton_OR/Page_Gifts for Everyone  Amazon.in Gift Finder/a_Gift Ideas' is clicked on

02-02-2024T21:31:37 - [TEST_STEP][PASSED] - closeBrowser(): Browser is closed

02-02-2024T21:31:37 - [MESSAGE][PASSED] - Browser is closed]]></system-out>
         <system-err><![CDATA[]]></system-err>
      </testcase>
      <testcase name="Test Cases/Amazon_Test Case/Amazon_TC_FooterLinks_004" time="65.953" classname="Test Cases/Amazon_Test Case/Amazon_TC_FooterLinks_004" status="PASSED">
         <system-out><![CDATA[02-02-2024T21:31:37 - [TEST_CASE][PASSED] - Test Cases/Amazon_Test Case/Amazon_TC_FooterLinks_004: Test Cases/Amazon_Test Case/Amazon_TC_FooterLinks_004

02-02-2024T21:31:37 - [TEST_STEP][PASSED] - openBrowser(""): Browser is opened with url: ''

02-02-2024T21:31:37 - [MESSAGE][INFO] - Starting 'Chrome' driver

02-02-2024T21:31:37 - [MESSAGE][INFO] - Action delay is set to 0 milliseconds

02-02-2024T21:31:38 - [MESSAGE][PASSED] - Browser is opened with url: ''

02-02-2024T21:31:38 - [TEST_STEP][PASSED] - navigateToUrl("https://www.amazon.in/"): Navigate to 'https://www.amazon.in/' successfully

02-02-2024T21:31:39 - [MESSAGE][PASSED] - Navigate to 'https://www.amazon.in/' successfully

02-02-2024T21:31:39 - [TEST_STEP][PASSED] - click(findTestObject("Object Repository/Amazon_pages_FooterLinks_OR/Page_Online Shopping site in India Shop Onl_10c5f3/a_Australia")): Object: 'Object Repository/Amazon_pages_FooterLinks_OR/Page_Online Shopping site in India Shop Onl_10c5f3/a_Australia' is clicked on

02-02-2024T21:32:13 - [MESSAGE][PASSED] - Object: 'Object Repository/Amazon_pages_FooterLinks_OR/Page_Online Shopping site in India Shop Onl_10c5f3/a_Australia' is clicked on

02-02-2024T21:32:13 - [TEST_STEP][PASSED] - click(findTestObject("Object Repository/Amazon_pages_FooterLinks_OR/Page_Amazon.com.au Shop online for Electron_18857a/a_Brazil")): Object: 'Object Repository/Amazon_pages_FooterLinks_OR/Page_Amazon.com.au Shop online for Electron_18857a/a_Brazil' is clicked on

02-02-2024T21:32:28 - [MESSAGE][PASSED] - Object: 'Object Repository/Amazon_pages_FooterLinks_OR/Page_Amazon.com.au Shop online for Electron_18857a/a_Brazil' is clicked on

02-02-2024T21:32:28 - [TEST_STEP][PASSED] - click(findTestObject("Object Repository/Amazon_pages_FooterLinks_OR/Page_Amazon.com.br  Tudo pra voc, de A a Z/a_ndia")): Object: 'Object Repository/Amazon_pages_FooterLinks_OR/Page_Amazon.com.br  Tudo pra voc, de A a Z/a_ndia' is clicked on

02-02-2024T21:32:34 - [MESSAGE][PASSED] - Object: 'Object Repository/Amazon_pages_FooterLinks_OR/Page_Amazon.com.br  Tudo pra voc, de A a Z/a_ndia' is clicked on

02-02-2024T21:32:34 - [TEST_STEP][PASSED] - click(findTestObject("Object Repository/Amazon_pages_FooterLinks_OR/Page_Online Shopping site in India Shop Onl_10c5f3/a_Japan")): Object: 'Object Repository/Amazon_pages_FooterLinks_OR/Page_Online Shopping site in India Shop Onl_10c5f3/a_Japan' is clicked on

02-02-2024T21:32:43 - [MESSAGE][PASSED] - Object: 'Object Repository/Amazon_pages_FooterLinks_OR/Page_Online Shopping site in India Shop Onl_10c5f3/a_Japan' is clicked on

02-02-2024T21:32:43 - [TEST_STEP][PASSED] - closeBrowser(): Browser is closed

02-02-2024T21:32:43 - [MESSAGE][PASSED] - Browser is closed]]></system-out>
         <system-err><![CDATA[]]></system-err>
      </testcase>
      <system-out><![CDATA[02-02-2024T21:30:16 - [TEST_SUITE][PASSED] - Amazon_Basic_TS_HeaderButton_003: Test Cases/Amazon_Test Case/Amazon_TC_FooterLinks_004]]></system-out>
      <system-err><![CDATA[]]></system-err>
   </testsuite>
</testsuites>
