<?xml version="1.0" encoding="UTF-8"?>
<testsuites name="Amazon_Dynamic_TS_HeaderButton_003" time="59.362" tests="2" failures="0" errors="0">
   <testsuite name="Amazon_Dynamic_TS_HeaderButton_003" tests="2" failures="0" errors="0" time="59.362" skipped="0" timestamp="29-01-2024T01:20:08" hostname="Lenovo - Durgesh" id="Test Suites/Amazon_Test_Suites/Amazon_Dynamic_TS_HeaderButton_003">
      <properties>
         <property name="deviceName" value=""/>
         <property name="devicePlatform" value=""/>
         <property name="logFolder" value="C:\\Users\\Lenovo\\git\\Katalon_Automation_Testing_SB_Amazon\\Reports\\20240129_012003\\Amazon_Test_Suites\\Amazon_Dynamic_TS_HeaderButton_003\\20240129_012003"/>
         <property name="logFiles" value="C:\\Users\\Lenovo\\git\\Katalon_Automation_Testing_SB_Amazon\\Reports\\20240129_012003\\Amazon_Test_Suites\\Amazon_Dynamic_TS_HeaderButton_003\\20240129_012003\\execution0.log"/>
         <property name="attachments" value=""/>
         <property name="hostName" value="Lenovo - Durgesh"/>
         <property name="os" value="Windows 11 64bit"/>
         <property name="katalonVersion" value="9.2.0.212"/>
         <property name="browser" value="Chrome 121.0.0.0"/>
         <property name="hostAddress" value="192.168.1.10"/>
         <property name="sessionId" value="12cc1493dacaae5f6ae55150d0f2ecf9"/>
         <property name="seleniumVersion" value="3.141.59"/>
         <property name="proxyInformation" value="ProxyInformation { proxyOption=NO_PROXY, proxyServerType=HTTP, username=, password=********, proxyServerAddress=, proxyServerPort=0, executionList=&quot;&quot;, isApplyToDesiredCapabilities=true }"/>
         <property name="platform" value="Windows 11"/>
      </properties>
      <testcase name="Test Cases/Amazon_Test Case/Amazon_TC_HeaderButton_003" time="30.255" classname="Test Cases/Amazon_Test Case/Amazon_TC_HeaderButton_003" status="PASSED">
         <system-out><![CDATA[29-01-2024T01:20:09 - [TEST_CASE][PASSED] - Test Cases/Amazon_Test Case/Amazon_TC_HeaderButton_003: Test Cases/Amazon_Test Case/Amazon_TC_HeaderButton_003

29-01-2024T01:20:09 - [TEST_STEP][PASSED] - Start listener action : onTestCaseStrat: null

29-01-2024T01:20:09 - [TEST_STEP][PASSED] - println("
 I am inside onTestCaseStrat Function"): null

29-01-2024T01:20:09 - [TEST_STEP][PASSED] - Start listener action : onTestCaseStrat: null

29-01-2024T01:20:09 - [TEST_STEP][PASSED] - println("
 I am inside onTestCaseStrat Function"): null

29-01-2024T01:20:09 - [TEST_STEP][PASSED] - openBrowser(""): Browser is opened with url: ''

29-01-2024T01:20:09 - [MESSAGE][INFO] - Starting 'Chrome' driver

29-01-2024T01:20:09 - [MESSAGE][INFO] - Action delay is set to 0 milliseconds

29-01-2024T01:20:11 - [MESSAGE][PASSED] - Browser is opened with url: ''

29-01-2024T01:20:11 - [TEST_STEP][PASSED] - navigateToUrl("https://www.amazon.in/"): Navigate to 'https://www.amazon.in/' successfully

29-01-2024T01:20:12 - [MESSAGE][PASSED] - Navigate to 'https://www.amazon.in/' successfully

29-01-2024T01:20:12 - [TEST_STEP][PASSED] - maximizeWindow(): Current window maximized

29-01-2024T01:20:12 - [MESSAGE][PASSED] - Current window maximized

29-01-2024T01:20:12 - [TEST_STEP][PASSED] - click(findTestObject("Object Repository/Amazon_Pages_HeaderButton_OR/Page_Online Shopping site in India Shop Onl_10c5f3/a_Sell")): Object: 'Object Repository/Amazon_Pages_HeaderButton_OR/Page_Online Shopping site in India Shop Onl_10c5f3/a_Sell' is clicked on

29-01-2024T01:20:15 - [MESSAGE][PASSED] - Object: 'Object Repository/Amazon_Pages_HeaderButton_OR/Page_Online Shopping site in India Shop Onl_10c5f3/a_Sell' is clicked on

29-01-2024T01:20:15 - [TEST_STEP][PASSED] - click(findTestObject("Object Repository/Amazon_Pages_HeaderButton_OR/Page_Amazon.in CrossShop1/a_Best Sellers")): Object: 'Object Repository/Amazon_Pages_HeaderButton_OR/Page_Amazon.in CrossShop1/a_Best Sellers' is clicked on

29-01-2024T01:20:17 - [MESSAGE][PASSED] - Object: 'Object Repository/Amazon_Pages_HeaderButton_OR/Page_Amazon.in CrossShop1/a_Best Sellers' is clicked on

29-01-2024T01:20:17 - [TEST_STEP][PASSED] - click(findTestObject("Object Repository/Amazon_Pages_HeaderButton_OR/Page_Amazon.in Bestsellers The most popular_e30680/a_Todays Deals")): Object: 'Object Repository/Amazon_Pages_HeaderButton_OR/Page_Amazon.in Bestsellers The most popular_e30680/a_Todays Deals' is clicked on

29-01-2024T01:20:19 - [MESSAGE][PASSED] - Object: 'Object Repository/Amazon_Pages_HeaderButton_OR/Page_Amazon.in Bestsellers The most popular_e30680/a_Todays Deals' is clicked on

29-01-2024T01:20:19 - [TEST_STEP][PASSED] - click(findTestObject("Object Repository/Amazon_Pages_HeaderButton_OR/Page_Amazon.in - Deals/a_Mobiles")): Object: 'Object Repository/Amazon_Pages_HeaderButton_OR/Page_Amazon.in - Deals/a_Mobiles' is clicked on

29-01-2024T01:20:22 - [MESSAGE][PASSED] - Object: 'Object Repository/Amazon_Pages_HeaderButton_OR/Page_Amazon.in - Deals/a_Mobiles' is clicked on

29-01-2024T01:20:22 - [TEST_STEP][PASSED] - click(findTestObject("Object Repository/Amazon_Pages_HeaderButton_OR/Page_Mobile Phones Buy New Mobiles Online a_11ca6d/a_Electronics")): Object: 'Object Repository/Amazon_Pages_HeaderButton_OR/Page_Mobile Phones Buy New Mobiles Online a_11ca6d/a_Electronics' is clicked on

29-01-2024T01:20:29 - [MESSAGE][PASSED] - Object: 'Object Repository/Amazon_Pages_HeaderButton_OR/Page_Mobile Phones Buy New Mobiles Online a_11ca6d/a_Electronics' is clicked on

29-01-2024T01:20:29 - [TEST_STEP][PASSED] - click(findTestObject("Object Repository/Amazon_Pages_HeaderButton_OR/Page_Help - Amazon Customer Service/a_Prime")): Object: 'Object Repository/Amazon_Pages_HeaderButton_OR/Page_Help - Amazon Customer Service/a_Prime' is clicked on

29-01-2024T01:20:31 - [MESSAGE][PASSED] - Object: 'Object Repository/Amazon_Pages_HeaderButton_OR/Page_Help - Amazon Customer Service/a_Prime' is clicked on

29-01-2024T01:20:31 - [TEST_STEP][PASSED] - click(findTestObject("Object Repository/Amazon_Pages_HeaderButton_OR/Page_Amazon.in Amazon Prime - 30 Day FREE Trial/a_New Releases")): Object: 'Object Repository/Amazon_Pages_HeaderButton_OR/Page_Amazon.in Amazon Prime - 30 Day FREE Trial/a_New Releases' is clicked on

29-01-2024T01:20:33 - [MESSAGE][PASSED] - Object: 'Object Repository/Amazon_Pages_HeaderButton_OR/Page_Amazon.in Amazon Prime - 30 Day FREE Trial/a_New Releases' is clicked on

29-01-2024T01:20:33 - [TEST_STEP][PASSED] - click(findTestObject("Object Repository/Amazon_Pages_HeaderButton_OR/Page_Amazon.in Hot New Releases The bestsel_0a911b/a_Gift Ideas")): Object: 'Object Repository/Amazon_Pages_HeaderButton_OR/Page_Amazon.in Hot New Releases The bestsel_0a911b/a_Gift Ideas' is clicked on

29-01-2024T01:20:35 - [MESSAGE][PASSED] - Object: 'Object Repository/Amazon_Pages_HeaderButton_OR/Page_Amazon.in Hot New Releases The bestsel_0a911b/a_Gift Ideas' is clicked on

29-01-2024T01:20:35 - [TEST_STEP][PASSED] - click(findTestObject("Object Repository/Amazon_Pages_HeaderButton_OR/Page_Gifts for Everyone  Amazon.in Gift Finder/a_Home  Kitchen")): Object: 'Object Repository/Amazon_Pages_HeaderButton_OR/Page_Gifts for Everyone  Amazon.in Gift Finder/a_Home  Kitchen' is clicked on

29-01-2024T01:20:38 - [MESSAGE][PASSED] - Object: 'Object Repository/Amazon_Pages_HeaderButton_OR/Page_Gifts for Everyone  Amazon.in Gift Finder/a_Home  Kitchen' is clicked on

29-01-2024T01:20:38 - [TEST_STEP][PASSED] - closeBrowser(): Browser is closed

29-01-2024T01:20:39 - [MESSAGE][PASSED] - Browser is closed

29-01-2024T01:20:39 - [TEST_STEP][PASSED] - Start listener action : sampleAfterTestCase: null

29-01-2024T01:20:39 - [TEST_STEP][PASSED] - println("
 I am inside sampleAfterTestCase Function"): null

29-01-2024T01:20:39 - [TEST_STEP][PASSED] - Start listener action : sampleAfterTestCase: null

29-01-2024T01:20:39 - [TEST_STEP][PASSED] - println("
 I am inside sampleAfterTestCase Function"): null]]></system-out>
         <system-err><![CDATA[]]></system-err>
      </testcase>
      <testcase name="Test Cases/Amazon_Test Case/Amazon_TC_SearchItem_002" time="28.672" classname="Test Cases/Amazon_Test Case/Amazon_TC_SearchItem_002" status="PASSED">
         <system-out><![CDATA[29-01-2024T01:20:39 - [TEST_CASE][PASSED] - Test Cases/Amazon_Test Case/Amazon_TC_SearchItem_002: Test Cases/Amazon_Test Case/Amazon_TC_SearchItem_002

29-01-2024T01:20:39 - [TEST_STEP][PASSED] - Start listener action : onTestCaseStrat: null

29-01-2024T01:20:39 - [TEST_STEP][PASSED] - println("
 I am inside onTestCaseStrat Function"): null

29-01-2024T01:20:39 - [TEST_STEP][PASSED] - Start listener action : onTestCaseStrat: null

29-01-2024T01:20:39 - [TEST_STEP][PASSED] - println("
 I am inside onTestCaseStrat Function"): null

29-01-2024T01:20:39 - [TEST_STEP][PASSED] - openBrowser(""): Browser is opened with url: ''

29-01-2024T01:20:39 - [MESSAGE][INFO] - Starting 'Chrome' driver

29-01-2024T01:20:39 - [MESSAGE][INFO] - Action delay is set to 0 milliseconds

29-01-2024T01:20:40 - [MESSAGE][PASSED] - Browser is opened with url: ''

29-01-2024T01:20:40 - [TEST_STEP][PASSED] - navigateToUrl("https://www.amazon.com/"): Navigate to 'https://www.amazon.com/' successfully

29-01-2024T01:20:42 - [MESSAGE][PASSED] - Navigate to 'https://www.amazon.com/' successfully

29-01-2024T01:20:42 - [TEST_STEP][PASSED] - selectOptionByValue(findTestObject("Object Repository/Amazon_Pages_SearchItem_OR/Page_Amazon.com. Spend less. Smile more/select_All Departments        Arts  Crafts _135c92"), "search-alias=stripbooks-intl-ship", true): All options with value 'search-alias=stripbooks-intl-ship' are selected in object 'Object Repository/Amazon_Pages_SearchItem_OR/Page_Amazon.com. Spend less. Smile more/select_All Departments        Arts  Crafts _135c92'  using regular expression

29-01-2024T01:20:44 - [MESSAGE][PASSED] - All options with value 'search-alias=stripbooks-intl-ship' are selected in object 'Object Repository/Amazon_Pages_SearchItem_OR/Page_Amazon.com. Spend less. Smile more/select_All Departments        Arts  Crafts _135c92'  using regular expression

29-01-2024T01:20:44 - [TEST_STEP][PASSED] - setText(findTestObject("Object Repository/Amazon_Pages_SearchItem_OR/Page_Amazon.com. Spend less. Smile more/input_field-keywords"), "Da vinci code"): Text 'Da vinci code' is set on object 'Object Repository/Amazon_Pages_SearchItem_OR/Page_Amazon.com. Spend less. Smile more/input_field-keywords'

29-01-2024T01:20:45 - [MESSAGE][PASSED] - Text 'Da vinci code' is set on object 'Object Repository/Amazon_Pages_SearchItem_OR/Page_Amazon.com. Spend less. Smile more/input_field-keywords'

29-01-2024T01:20:45 - [TEST_STEP][PASSED] - click(findTestObject("Object Repository/Amazon_Pages_SearchItem_OR/Page_Amazon.com. Spend less. Smile more/inputnav-search-submit-button")): Object: 'Object Repository/Amazon_Pages_SearchItem_OR/Page_Amazon.com. Spend less. Smile more/inputnav-search-submit-button' is clicked on

29-01-2024T01:20:49 - [MESSAGE][PASSED] - Object: 'Object Repository/Amazon_Pages_SearchItem_OR/Page_Amazon.com. Spend less. Smile more/inputnav-search-submit-button' is clicked on

29-01-2024T01:20:49 - [TEST_STEP][PASSED] - selectOptionByValue(findTestObject("Object Repository/Amazon_Pages_SearchItem_OR/Page_Amazon.com  Da vinci code/select_All Departments        Arts  Crafts _135c92"), "search-alias=electronics-intl-ship", true): All options with value 'search-alias=electronics-intl-ship' are selected in object 'Object Repository/Amazon_Pages_SearchItem_OR/Page_Amazon.com  Da vinci code/select_All Departments        Arts  Crafts _135c92'  using regular expression

29-01-2024T01:20:51 - [MESSAGE][PASSED] - All options with value 'search-alias=electronics-intl-ship' are selected in object 'Object Repository/Amazon_Pages_SearchItem_OR/Page_Amazon.com  Da vinci code/select_All Departments        Arts  Crafts _135c92'  using regular expression

29-01-2024T01:20:51 - [TEST_STEP][PASSED] - setText(findTestObject("Object Repository/Amazon_Pages_SearchItem_OR/Page_Amazon.com  Da vinci code/input_field-keywords"), "Laptop"): Text 'Laptop' is set on object 'Object Repository/Amazon_Pages_SearchItem_OR/Page_Amazon.com  Da vinci code/input_field-keywords'

29-01-2024T01:20:52 - [MESSAGE][PASSED] - Text 'Laptop' is set on object 'Object Repository/Amazon_Pages_SearchItem_OR/Page_Amazon.com  Da vinci code/input_field-keywords'

29-01-2024T01:20:52 - [TEST_STEP][PASSED] - click(findTestObject("Object Repository/Amazon_Pages_SearchItem_OR/Page_Amazon.com  Da vinci code/inputnav-search-submit-button")): Object: 'Object Repository/Amazon_Pages_SearchItem_OR/Page_Amazon.com  Da vinci code/inputnav-search-submit-button' is clicked on

29-01-2024T01:20:59 - [MESSAGE][PASSED] - Object: 'Object Repository/Amazon_Pages_SearchItem_OR/Page_Amazon.com  Da vinci code/inputnav-search-submit-button' is clicked on

29-01-2024T01:20:59 - [TEST_STEP][PASSED] - selectOptionByValue(findTestObject("Object Repository/Amazon_Pages_SearchItem_OR/Page_Amazon.com  Laptop/select_Electronics        All Departments  _28d51a"), "search-alias=kitchen-intl-ship", true): All options with value 'search-alias=kitchen-intl-ship' are selected in object 'Object Repository/Amazon_Pages_SearchItem_OR/Page_Amazon.com  Laptop/select_Electronics        All Departments  _28d51a'  using regular expression

29-01-2024T01:21:03 - [MESSAGE][PASSED] - All options with value 'search-alias=kitchen-intl-ship' are selected in object 'Object Repository/Amazon_Pages_SearchItem_OR/Page_Amazon.com  Laptop/select_Electronics        All Departments  _28d51a'  using regular expression

29-01-2024T01:21:03 - [TEST_STEP][PASSED] - setText(findTestObject("Object Repository/Amazon_Pages_SearchItem_OR/Page_Amazon.com  Laptop/input_field-keywords"), "washing machine "): Text 'washing machine ' is set on object 'Object Repository/Amazon_Pages_SearchItem_OR/Page_Amazon.com  Laptop/input_field-keywords'

29-01-2024T01:21:04 - [MESSAGE][PASSED] - Text 'washing machine ' is set on object 'Object Repository/Amazon_Pages_SearchItem_OR/Page_Amazon.com  Laptop/input_field-keywords'

29-01-2024T01:21:04 - [TEST_STEP][PASSED] - click(findTestObject("Object Repository/Amazon_Pages_SearchItem_OR/Page_Amazon.com  Laptop/inputnav-search-submit-button")): Object: 'Object Repository/Amazon_Pages_SearchItem_OR/Page_Amazon.com  Laptop/inputnav-search-submit-button' is clicked on

29-01-2024T01:21:07 - [MESSAGE][PASSED] - Object: 'Object Repository/Amazon_Pages_SearchItem_OR/Page_Amazon.com  Laptop/inputnav-search-submit-button' is clicked on

29-01-2024T01:21:07 - [TEST_STEP][PASSED] - closeBrowser(): Browser is closed

29-01-2024T01:21:08 - [MESSAGE][PASSED] - Browser is closed

29-01-2024T01:21:08 - [TEST_STEP][PASSED] - Start listener action : sampleAfterTestCase: null

29-01-2024T01:21:08 - [TEST_STEP][PASSED] - println("
 I am inside sampleAfterTestCase Function"): null

29-01-2024T01:21:08 - [TEST_STEP][PASSED] - Start listener action : sampleAfterTestCase: null

29-01-2024T01:21:08 - [TEST_STEP][PASSED] - println("
 I am inside sampleAfterTestCase Function"): null]]></system-out>
         <system-err><![CDATA[]]></system-err>
      </testcase>
      <system-out><![CDATA[29-01-2024T01:20:08 - [TEST_SUITE][PASSED] - Amazon_Dynamic_TS_HeaderButton_003: Test Cases/Amazon_Test Case/Amazon_TC_SearchItem_002]]></system-out>
      <system-err><![CDATA[]]></system-err>
   </testsuite>
</testsuites>
