<?xml version="1.0" encoding="UTF-8"?>
<testsuites name="Amazon_DDT_TS_SearchItem_002" time="75.296" tests="3" failures="0" errors="0">
   <testsuite name="Amazon_DDT_TS_SearchItem_002" tests="3" failures="0" errors="0" time="75.296" skipped="0" timestamp="03-02-2024T11:53:01" hostname="Lenovo - Durgesh" id="Test Suites/Amazon_Data Driven Test/Amazon_DDT_TS_SearchItem_002">
      <properties>
         <property name="deviceName" value=""/>
         <property name="devicePlatform" value=""/>
         <property name="logFolder" value="C:\\Users\\Lenovo\\git\\Katalon_Automation_Testing_SB_Amazon\\Reports\\20240203_115254\\Amazon_Data Driven Test\\Amazon_DDT_TS_SearchItem_002\\20240203_115254"/>
         <property name="logFiles" value="C:\\Users\\Lenovo\\git\\Katalon_Automation_Testing_SB_Amazon\\Reports\\20240203_115254\\Amazon_Data Driven Test\\Amazon_DDT_TS_SearchItem_002\\20240203_115254\\execution0.log"/>
         <property name="attachments" value=""/>
         <property name="hostName" value="Lenovo - Durgesh"/>
         <property name="os" value="Windows 11 64bit"/>
         <property name="katalonVersion" value="9.2.0.212"/>
         <property name="browser" value="Chrome 121.0.0.0"/>
         <property name="hostAddress" value="192.168.43.195"/>
         <property name="sessionId" value="4314b30a61c58097fcc69b8830ef7b8a"/>
         <property name="seleniumVersion" value="3.141.59"/>
         <property name="proxyInformation" value="ProxyInformation { proxyOption=NO_PROXY, proxyServerType=HTTP, username=, password=********, proxyServerAddress=, proxyServerPort=0, executionList=&quot;&quot;, isApplyToDesiredCapabilities=true }"/>
         <property name="platform" value="Windows 11"/>
      </properties>
      <testcase name="Test Cases/Amazon_DDT_Test case/Amazon_DDT_TC_Searchitem_002" time="43.842" classname="Test Cases/Amazon_DDT_Test case/Amazon_DDT_TC_Searchitem_002" status="PASSED">
         <system-out><![CDATA[03-02-2024T11:53:01 - [TEST_CASE][PASSED] - Test Cases/Amazon_DDT_Test case/Amazon_DDT_TC_Searchitem_002: Test Cases/Amazon_DDT_Test case/Amazon_DDT_TC_Searchitem_002

03-02-2024T11:53:01 - [TEST_STEP][PASSED] - openBrowser(""): Browser is opened with url: ''

03-02-2024T11:53:02 - [MESSAGE][INFO] - Starting 'Chrome' driver

03-02-2024T11:53:02 - [MESSAGE][INFO] - Action delay is set to 0 milliseconds

03-02-2024T11:53:04 - [MESSAGE][PASSED] - Browser is opened with url: ''

03-02-2024T11:53:04 - [TEST_STEP][PASSED] - navigateToUrl("https://www.amazon.in/"): Navigate to 'https://www.amazon.in/' successfully

03-02-2024T11:53:08 - [MESSAGE][PASSED] - Navigate to 'https://www.amazon.in/' successfully

03-02-2024T11:53:08 - [TEST_STEP][PASSED] - selectOptionByLabel(findTestObject("Object Repository/Amazon_Searchitem_OR/Page_Online Shopping site in India Shop Onl_10c5f3/select_All Categories        Alexa Skills  _a62561"), category, false): All options with label 'Books' are selected in object 'Object Repository/Amazon_Searchitem_OR/Page_Online Shopping site in India Shop Onl_10c5f3/select_All Categories        Alexa Skills  _a62561' 

03-02-2024T11:53:39 - [MESSAGE][PASSED] - All options with label 'Books' are selected in object 'Object Repository/Amazon_Searchitem_OR/Page_Online Shopping site in India Shop Onl_10c5f3/select_All Categories        Alexa Skills  _a62561' 

03-02-2024T11:53:39 - [TEST_STEP][PASSED] - setText(findTestObject("Object Repository/Amazon_Searchitem_OR/Page_Online Shopping site in India Shop Onl_10c5f3/input_field-keywords"), item): Text 'Da Vinci Code' is set on object 'Object Repository/Amazon_Searchitem_OR/Page_Online Shopping site in India Shop Onl_10c5f3/input_field-keywords'

03-02-2024T11:53:41 - [MESSAGE][PASSED] - Text 'Da Vinci Code' is set on object 'Object Repository/Amazon_Searchitem_OR/Page_Online Shopping site in India Shop Onl_10c5f3/input_field-keywords'

03-02-2024T11:53:41 - [TEST_STEP][PASSED] - click(findTestObject("Object Repository/Amazon_Searchitem_OR/Page_Online Shopping site in India Shop Onl_10c5f3/inputnav-search-submit-button")): Object: 'Object Repository/Amazon_Searchitem_OR/Page_Online Shopping site in India Shop Onl_10c5f3/inputnav-search-submit-button' is clicked on

03-02-2024T11:53:44 - [MESSAGE][PASSED] - Object: 'Object Repository/Amazon_Searchitem_OR/Page_Online Shopping site in India Shop Onl_10c5f3/inputnav-search-submit-button' is clicked on

03-02-2024T11:53:44 - [TEST_STEP][PASSED] - closeBrowser(): Browser is closed

03-02-2024T11:53:45 - [MESSAGE][PASSED] - Browser is closed]]></system-out>
         <system-err><![CDATA[]]></system-err>
      </testcase>
      <testcase name="Test Cases/Amazon_DDT_Test case/Amazon_DDT_TC_Searchitem_002" time="18.024" classname="Test Cases/Amazon_DDT_Test case/Amazon_DDT_TC_Searchitem_002" status="PASSED">
         <system-out><![CDATA[03-02-2024T11:53:45 - [TEST_CASE][PASSED] - Test Cases/Amazon_DDT_Test case/Amazon_DDT_TC_Searchitem_002: Test Cases/Amazon_DDT_Test case/Amazon_DDT_TC_Searchitem_002

03-02-2024T11:53:45 - [TEST_STEP][PASSED] - openBrowser(""): Browser is opened with url: ''

03-02-2024T11:53:45 - [MESSAGE][INFO] - Starting 'Chrome' driver

03-02-2024T11:53:45 - [MESSAGE][INFO] - Action delay is set to 0 milliseconds

03-02-2024T11:53:46 - [MESSAGE][PASSED] - Browser is opened with url: ''

03-02-2024T11:53:46 - [TEST_STEP][PASSED] - navigateToUrl("https://www.amazon.in/"): Navigate to 'https://www.amazon.in/' successfully

03-02-2024T11:53:52 - [MESSAGE][PASSED] - Navigate to 'https://www.amazon.in/' successfully

03-02-2024T11:53:52 - [TEST_STEP][PASSED] - selectOptionByLabel(findTestObject("Object Repository/Amazon_Searchitem_OR/Page_Online Shopping site in India Shop Onl_10c5f3/select_All Categories        Alexa Skills  _a62561"), category, false): All options with label 'Electronics' are selected in object 'Object Repository/Amazon_Searchitem_OR/Page_Online Shopping site in India Shop Onl_10c5f3/select_All Categories        Alexa Skills  _a62561' 

03-02-2024T11:53:53 - [MESSAGE][PASSED] - All options with label 'Electronics' are selected in object 'Object Repository/Amazon_Searchitem_OR/Page_Online Shopping site in India Shop Onl_10c5f3/select_All Categories        Alexa Skills  _a62561' 

03-02-2024T11:53:53 - [TEST_STEP][PASSED] - setText(findTestObject("Object Repository/Amazon_Searchitem_OR/Page_Online Shopping site in India Shop Onl_10c5f3/input_field-keywords"), item): Text 'Washing Machine' is set on object 'Object Repository/Amazon_Searchitem_OR/Page_Online Shopping site in India Shop Onl_10c5f3/input_field-keywords'

03-02-2024T11:53:55 - [MESSAGE][PASSED] - Text 'Washing Machine' is set on object 'Object Repository/Amazon_Searchitem_OR/Page_Online Shopping site in India Shop Onl_10c5f3/input_field-keywords'

03-02-2024T11:53:55 - [TEST_STEP][PASSED] - click(findTestObject("Object Repository/Amazon_Searchitem_OR/Page_Online Shopping site in India Shop Onl_10c5f3/inputnav-search-submit-button")): Object: 'Object Repository/Amazon_Searchitem_OR/Page_Online Shopping site in India Shop Onl_10c5f3/inputnav-search-submit-button' is clicked on

03-02-2024T11:54:03 - [MESSAGE][PASSED] - Object: 'Object Repository/Amazon_Searchitem_OR/Page_Online Shopping site in India Shop Onl_10c5f3/inputnav-search-submit-button' is clicked on

03-02-2024T11:54:03 - [TEST_STEP][PASSED] - closeBrowser(): Browser is closed

03-02-2024T11:54:03 - [MESSAGE][PASSED] - Browser is closed]]></system-out>
         <system-err><![CDATA[]]></system-err>
      </testcase>
      <testcase name="Test Cases/Amazon_DDT_Test case/Amazon_DDT_TC_Searchitem_002" time="12.894" classname="Test Cases/Amazon_DDT_Test case/Amazon_DDT_TC_Searchitem_002" status="PASSED">
         <system-out><![CDATA[03-02-2024T11:54:03 - [TEST_CASE][PASSED] - Test Cases/Amazon_DDT_Test case/Amazon_DDT_TC_Searchitem_002: Test Cases/Amazon_DDT_Test case/Amazon_DDT_TC_Searchitem_002

03-02-2024T11:54:03 - [TEST_STEP][PASSED] - openBrowser(""): Browser is opened with url: ''

03-02-2024T11:54:03 - [MESSAGE][INFO] - Starting 'Chrome' driver

03-02-2024T11:54:03 - [MESSAGE][INFO] - Action delay is set to 0 milliseconds

03-02-2024T11:54:04 - [MESSAGE][PASSED] - Browser is opened with url: ''

03-02-2024T11:54:04 - [TEST_STEP][PASSED] - navigateToUrl("https://www.amazon.in/"): Navigate to 'https://www.amazon.in/' successfully

03-02-2024T11:54:06 - [MESSAGE][PASSED] - Navigate to 'https://www.amazon.in/' successfully

03-02-2024T11:54:06 - [TEST_STEP][PASSED] - selectOptionByLabel(findTestObject("Object Repository/Amazon_Searchitem_OR/Page_Online Shopping site in India Shop Onl_10c5f3/select_All Categories        Alexa Skills  _a62561"), category, false): All options with label 'Baby' are selected in object 'Object Repository/Amazon_Searchitem_OR/Page_Online Shopping site in India Shop Onl_10c5f3/select_All Categories        Alexa Skills  _a62561' 

03-02-2024T11:54:08 - [MESSAGE][PASSED] - All options with label 'Baby' are selected in object 'Object Repository/Amazon_Searchitem_OR/Page_Online Shopping site in India Shop Onl_10c5f3/select_All Categories        Alexa Skills  _a62561' 

03-02-2024T11:54:08 - [TEST_STEP][PASSED] - setText(findTestObject("Object Repository/Amazon_Searchitem_OR/Page_Online Shopping site in India Shop Onl_10c5f3/input_field-keywords"), item): Text 'walker' is set on object 'Object Repository/Amazon_Searchitem_OR/Page_Online Shopping site in India Shop Onl_10c5f3/input_field-keywords'

03-02-2024T11:54:09 - [MESSAGE][PASSED] - Text 'walker' is set on object 'Object Repository/Amazon_Searchitem_OR/Page_Online Shopping site in India Shop Onl_10c5f3/input_field-keywords'

03-02-2024T11:54:09 - [TEST_STEP][PASSED] - click(findTestObject("Object Repository/Amazon_Searchitem_OR/Page_Online Shopping site in India Shop Onl_10c5f3/inputnav-search-submit-button")): Object: 'Object Repository/Amazon_Searchitem_OR/Page_Online Shopping site in India Shop Onl_10c5f3/inputnav-search-submit-button' is clicked on

03-02-2024T11:54:16 - [MESSAGE][PASSED] - Object: 'Object Repository/Amazon_Searchitem_OR/Page_Online Shopping site in India Shop Onl_10c5f3/inputnav-search-submit-button' is clicked on

03-02-2024T11:54:16 - [TEST_STEP][PASSED] - closeBrowser(): Browser is closed

03-02-2024T11:54:16 - [MESSAGE][PASSED] - Browser is closed]]></system-out>
         <system-err><![CDATA[]]></system-err>
      </testcase>
      <system-out><![CDATA[03-02-2024T11:53:01 - [TEST_SUITE][PASSED] - Amazon_DDT_TS_SearchItem_002: Test Cases/Amazon_DDT_Test case/Amazon_DDT_TC_Searchitem_002]]></system-out>
      <system-err><![CDATA[]]></system-err>
   </testsuite>
</testsuites>
