<?xml version="1.0" encoding="UTF-8"?>
<testsuites name="Amazon_Basic_TS_SignIn_001" time="10.159" tests="1" failures="0" errors="0">
   <testsuite name="Amazon_Basic_TS_SignIn_001" tests="1" failures="0" errors="0" time="10.159" skipped="0" timestamp="29-01-2024T01:10:58" hostname="Lenovo - Durgesh" id="Test Suites/Amazon_Test_Suites/Amazon_Basic_TS_SignIn_001">
      <properties>
         <property name="deviceName" value=""/>
         <property name="devicePlatform" value=""/>
         <property name="logFolder" value="C:\\Users\\Lenovo\\git\\Katalon_Automation_Testing_SB_Amazon\\Reports\\20240129_011048\\Amazon_Test_Suites\\Amazon_Basic_TS_SignIn_001\\20240129_011049"/>
         <property name="logFiles" value="C:\\Users\\Lenovo\\git\\Katalon_Automation_Testing_SB_Amazon\\Reports\\20240129_011048\\Amazon_Test_Suites\\Amazon_Basic_TS_SignIn_001\\20240129_011049\\execution0.log"/>
         <property name="attachments" value=""/>
         <property name="hostName" value="Lenovo - Durgesh"/>
         <property name="os" value="Windows 11 64bit"/>
         <property name="katalonVersion" value="9.2.0.212"/>
         <property name="browser" value="Chrome 121.0.0.0"/>
         <property name="hostAddress" value="192.168.1.10"/>
         <property name="sessionId" value="35ee0c223a5af7a3c9c3c29089ad8bb3"/>
         <property name="seleniumVersion" value="3.141.59"/>
         <property name="proxyInformation" value="ProxyInformation { proxyOption=NO_PROXY, proxyServerType=HTTP, username=, password=********, proxyServerAddress=, proxyServerPort=0, executionList=&quot;&quot;, isApplyToDesiredCapabilities=true }"/>
         <property name="platform" value="Windows 11"/>
      </properties>
      <testcase name="Test Cases/Amazon_Test Case/Amazon_TC_SignIn_001" time="9.826" classname="Test Cases/Amazon_Test Case/Amazon_TC_SignIn_001" status="PASSED">
         <system-out><![CDATA[29-01-2024T01:10:58 - [TEST_CASE][PASSED] - Test Cases/Amazon_Test Case/Amazon_TC_SignIn_001: Test Cases/Amazon_Test Case/Amazon_TC_SignIn_001

29-01-2024T01:10:58 - [TEST_STEP][PASSED] - Start listener action : onTestCaseStrat: null

29-01-2024T01:10:58 - [TEST_STEP][PASSED] - println("
 I am inside onTestCaseStrat Function"): null

29-01-2024T01:10:58 - [TEST_STEP][PASSED] - Start listener action : onTestCaseStrat: null

29-01-2024T01:10:58 - [TEST_STEP][PASSED] - println("
 I am inside onTestCaseStrat Function"): null

29-01-2024T01:10:58 - [TEST_STEP][PASSED] - openBrowser(""): Browser is opened with url: ''

29-01-2024T01:10:59 - [MESSAGE][INFO] - Starting 'Chrome' driver

29-01-2024T01:10:59 - [MESSAGE][INFO] - Action delay is set to 0 milliseconds

29-01-2024T01:11:00 - [MESSAGE][PASSED] - Browser is opened with url: ''

29-01-2024T01:11:00 - [TEST_STEP][PASSED] - navigateToUrl("https://www.amazon.com/"): Navigate to 'https://www.amazon.com/' successfully

29-01-2024T01:11:02 - [MESSAGE][PASSED] - Navigate to 'https://www.amazon.com/' successfully

29-01-2024T01:11:02 - [TEST_STEP][PASSED] - click(findTestObject("Object Repository/Amazon_Pages_SignIn_OR/Page_Amazon.com. Spend less. Smile more/span_Sign in")): Object: 'Object Repository/Amazon_Pages_SignIn_OR/Page_Amazon.com. Spend less. Smile more/span_Sign in' is clicked on

29-01-2024T01:11:03 - [MESSAGE][PASSED] - Object: 'Object Repository/Amazon_Pages_SignIn_OR/Page_Amazon.com. Spend less. Smile more/span_Sign in' is clicked on

29-01-2024T01:11:03 - [TEST_STEP][PASSED] - setText(findTestObject("Object Repository/Amazon_Pages_SignIn_OR/Page_Amazon Sign-In/input_email"), "durgeshkumar778080@gmail.com"): Text 'durgeshkumar778080@gmail.com' is set on object 'Object Repository/Amazon_Pages_SignIn_OR/Page_Amazon Sign-In/input_email'

29-01-2024T01:11:05 - [MESSAGE][PASSED] - Text 'durgeshkumar778080@gmail.com' is set on object 'Object Repository/Amazon_Pages_SignIn_OR/Page_Amazon Sign-In/input_email'

29-01-2024T01:11:05 - [TEST_STEP][PASSED] - click(findTestObject("Object Repository/Amazon_Pages_SignIn_OR/Page_Amazon Sign-In/inputcontinue")): Object: 'Object Repository/Amazon_Pages_SignIn_OR/Page_Amazon Sign-In/inputcontinue' is clicked on

29-01-2024T01:11:06 - [MESSAGE][PASSED] - Object: 'Object Repository/Amazon_Pages_SignIn_OR/Page_Amazon Sign-In/inputcontinue' is clicked on

29-01-2024T01:11:06 - [TEST_STEP][PASSED] - setEncryptedText(findTestObject("Object Repository/Amazon_Pages_SignIn_OR/Page_Amazon Sign-In/input_password"), "wyzziq9mVWQjeLthOCNz3A=="): Text ****** has been set on object 'Object Repository/Amazon_Pages_SignIn_OR/Page_Amazon Sign-In/input_password'

29-01-2024T01:11:07 - [MESSAGE][PASSED] - Text ****** has been set on object 'Object Repository/Amazon_Pages_SignIn_OR/Page_Amazon Sign-In/input_password'

29-01-2024T01:11:07 - [TEST_STEP][PASSED] - click(findTestObject("Object Repository/Amazon_Pages_SignIn_OR/Page_Amazon Sign-In/inputsignInSubmit")): Object: 'Object Repository/Amazon_Pages_SignIn_OR/Page_Amazon Sign-In/inputsignInSubmit' is clicked on

29-01-2024T01:11:08 - [MESSAGE][PASSED] - Object: 'Object Repository/Amazon_Pages_SignIn_OR/Page_Amazon Sign-In/inputsignInSubmit' is clicked on

29-01-2024T01:11:08 - [TEST_STEP][PASSED] - closeBrowser(): Browser is closed

29-01-2024T01:11:08 - [MESSAGE][PASSED] - Browser is closed

29-01-2024T01:11:08 - [TEST_STEP][PASSED] - Start listener action : sampleAfterTestCase: null

29-01-2024T01:11:08 - [TEST_STEP][PASSED] - println("
 I am inside sampleAfterTestCase Function"): null

29-01-2024T01:11:08 - [TEST_STEP][PASSED] - Start listener action : sampleAfterTestCase: null

29-01-2024T01:11:08 - [TEST_STEP][PASSED] - println("
 I am inside sampleAfterTestCase Function"): null]]></system-out>
         <system-err><![CDATA[]]></system-err>
      </testcase>
      <system-out><![CDATA[29-01-2024T01:10:58 - [TEST_SUITE][PASSED] - Amazon_Basic_TS_SignIn_001: Test Cases/Amazon_Test Case/Amazon_TC_SignIn_001]]></system-out>
      <system-err><![CDATA[]]></system-err>
   </testsuite>
</testsuites>
