<?xml version="1.0" encoding="UTF-8"?>
<testsuites name="Amazon_Header_SetUp_TearDown_TS_003" time="0.583" tests="1" failures="0" errors="0">
   <testsuite name="Amazon_Header_SetUp_TearDown_TS_003" tests="1" failures="0" errors="0" time="0.583" skipped="0" timestamp="30-01-2024T12:45:45" hostname="Lenovo - Durgesh" id="Test Suites/Amazon_SetUp_TearDown_Test suites/Amazon_Header_SetUp_TearDown_TS_003">
      <properties>
         <property name="deviceName" value=""/>
         <property name="devicePlatform" value=""/>
         <property name="logFolder" value="C:\\Users\\Lenovo\\git\\Katalon_Automation_Testing_SB_Amazon\\Reports\\20240130_124540\\Amazon_SetUp_TearDown_Test suites\\Amazon_Header_SetUp_TearDown_TS_003\\20240130_124540"/>
         <property name="logFiles" value="C:\\Users\\Lenovo\\git\\Katalon_Automation_Testing_SB_Amazon\\Reports\\20240130_124540\\Amazon_SetUp_TearDown_Test suites\\Amazon_Header_SetUp_TearDown_TS_003\\20240130_124540\\execution0.log"/>
         <property name="attachments" value=""/>
         <property name="hostName" value="Lenovo - Durgesh"/>
         <property name="hostAddress" value="192.168.43.195"/>
         <property name="os" value="Windows 11 64bit"/>
         <property name="katalonVersion" value="9.2.0.212"/>
      </properties>
      <testcase name="Test Cases/Amazon_SetUp_Teardown/Test_003" time="0.128" classname="Test Cases/Amazon_SetUp_Teardown/Test_003" status="PASSED">
         <system-out><![CDATA[30-01-2024T12:45:46 - [TEST_CASE][PASSED] - Test Cases/Amazon_SetUp_Teardown/Test_003: Test Cases/Amazon_SetUp_Teardown/Test_003

30-01-2024T12:45:46 - [TEST_STEP][PASSED] - println("
 I am inside Test_003"): null]]></system-out>
         <system-err><![CDATA[]]></system-err>
      </testcase>
      <system-out><![CDATA[30-01-2024T12:45:45 - [TEST_SUITE][PASSED] - Amazon_Header_SetUp_TearDown_TS_003: Test Cases/Amazon_SetUp_Teardown/Test_003]]></system-out>
      <system-err><![CDATA[]]></system-err>
   </testsuite>
</testsuites>
