<?xml version="1.0" encoding="UTF-8"?>
<testsuites name="Amazon_SignIn_Test Setup TearDown_TS_001" time="0.661" tests="1" failures="0" errors="0">
   <testsuite name="Amazon_SignIn_Test Setup TearDown_TS_001" tests="1" failures="0" errors="0" time="0.661" skipped="0" timestamp="30-01-2024T12:29:29" hostname="Lenovo - Durgesh" id="Test Suites/Amazon_SetUp_TearDown_Test suites/Amazon_SignIn_Test Setup TearDown_TS_001">
      <properties>
         <property name="deviceName" value=""/>
         <property name="devicePlatform" value=""/>
         <property name="logFolder" value="C:\\Users\\Lenovo\\git\\Katalon_Automation_Testing_SB_Amazon\\Reports\\20240130_122924\\Amazon_SetUp_TearDown_Test suites\\Amazon_SignIn_Test Setup TearDown_TS_001\\20240130_122924"/>
         <property name="logFiles" value="C:\\Users\\Lenovo\\git\\Katalon_Automation_Testing_SB_Amazon\\Reports\\20240130_122924\\Amazon_SetUp_TearDown_Test suites\\Amazon_SignIn_Test Setup TearDown_TS_001\\20240130_122924\\execution0.log"/>
         <property name="attachments" value=""/>
         <property name="hostName" value="Lenovo - Durgesh"/>
         <property name="hostAddress" value="192.168.43.195"/>
         <property name="os" value="Windows 11 64bit"/>
         <property name="katalonVersion" value="9.2.0.212"/>
      </properties>
      <testcase name="Test Cases/Amazon_SetUp_Teardown/Test_001" time="0.15" classname="Test Cases/Amazon_SetUp_Teardown/Test_001" status="PASSED">
         <system-out><![CDATA[30-01-2024T12:29:29 - [TEST_CASE][PASSED] - Test Cases/Amazon_SetUp_Teardown/Test_001: Test Cases/Amazon_SetUp_Teardown/Test_001

30-01-2024T12:29:30 - [TEST_STEP][PASSED] - Start setup action : setupTestCase: Method 'setupTestCase' complete successfully

30-01-2024T12:29:30 - [TEST_STEP][PASSED] - println("
 I am inside setupTestCase"): null

30-01-2024T12:29:30 - [MESSAGE][PASSED] - Method 'setupTestCase' complete successfully

30-01-2024T12:29:30 - [TEST_STEP][PASSED] - println("
 I am inside Test_001"): null

30-01-2024T12:29:30 - [TEST_STEP][PASSED] - Start tear down : tearDownTestCase: Method 'tearDownTestCase' complete successfully

30-01-2024T12:29:30 - [TEST_STEP][PASSED] - println("
 I am inside  tearDownTestCase"): null

30-01-2024T12:29:30 - [MESSAGE][PASSED] - Method 'tearDownTestCase' complete successfully]]></system-out>
         <system-err><![CDATA[]]></system-err>
      </testcase>
      <system-out><![CDATA[30-01-2024T12:29:29 - [TEST_SUITE][PASSED] - Amazon_SignIn_Test Setup TearDown_TS_001: Test Cases/Amazon_SetUp_Teardown/Test_001]]></system-out>
      <system-err><![CDATA[]]></system-err>
   </testsuite>
</testsuites>
