<?xml version="1.0" encoding="UTF-8"?>
<testsuites name="Amazon_Dynamic_TS_HeaderButton_003" time="93.667" tests="2" failures="0" errors="0">
   <testsuite name="Amazon_Dynamic_TS_HeaderButton_003" tests="2" failures="0" errors="0" time="93.667" skipped="0" timestamp="03-02-2024T11:00:47" hostname="Lenovo - Durgesh" id="Test Suites/Amazon_Test_Suites/Amazon_Dynamic_TS_HeaderButton_003">
      <properties>
         <property name="deviceName" value=""/>
         <property name="devicePlatform" value=""/>
         <property name="logFolder" value="C:\\Users\\Lenovo\\git\\Katalon_Automation_Testing_SB_Amazon\\Reports\\20240203_105904\\Amazon_Test_Suites\\Amazon_Dynamic_TS_HeaderButton_003\\20240203_105907"/>
         <property name="logFiles" value="C:\\Users\\Lenovo\\git\\Katalon_Automation_Testing_SB_Amazon\\Reports\\20240203_105904\\Amazon_Test_Suites\\Amazon_Dynamic_TS_HeaderButton_003\\20240203_105907\\execution0.log"/>
         <property name="attachments" value=""/>
         <property name="hostName" value="Lenovo - Durgesh"/>
         <property name="os" value="Windows 11 64bit"/>
         <property name="katalonVersion" value="9.2.0.212"/>
         <property name="browser" value="Firefox 122.0"/>
         <property name="hostAddress" value="192.168.43.195"/>
         <property name="sessionId" value="ccdb017f-f11d-4256-ba6f-699e7e0bf24a"/>
         <property name="seleniumVersion" value="3.141.59"/>
         <property name="proxyInformation" value="ProxyInformation { proxyOption=NO_PROXY, proxyServerType=HTTP, username=, password=********, proxyServerAddress=, proxyServerPort=0, executionList=&quot;&quot;, isApplyToDesiredCapabilities=true }"/>
         <property name="platform" value="Windows 11"/>
      </properties>
      <testcase name="Test Cases/Amazon_Test Case/Amazon_TC_FooterLinks_004" time="40.431" classname="Test Cases/Amazon_Test Case/Amazon_TC_FooterLinks_004" status="PASSED">
         <system-out><![CDATA[03-02-2024T11:00:47 - [TEST_CASE][PASSED] - Test Cases/Amazon_Test Case/Amazon_TC_FooterLinks_004: Test Cases/Amazon_Test Case/Amazon_TC_FooterLinks_004

03-02-2024T11:00:47 - [TEST_STEP][PASSED] - openBrowser(""): Browser is opened with url: ''

03-02-2024T11:00:48 - [MESSAGE][INFO] - Starting 'Firefox' driver

03-02-2024T11:00:48 - [MESSAGE][INFO] - Action delay is set to 0 milliseconds

03-02-2024T11:00:52 - [MESSAGE][PASSED] - Browser is opened with url: ''

03-02-2024T11:00:52 - [TEST_STEP][PASSED] - navigateToUrl("https://www.amazon.in/"): Navigate to 'https://www.amazon.in/' successfully

03-02-2024T11:00:57 - [MESSAGE][PASSED] - Navigate to 'https://www.amazon.in/' successfully

03-02-2024T11:00:57 - [TEST_STEP][PASSED] - click(findTestObject("Object Repository/Amazon_pages_FooterLinks_OR/Page_Online Shopping site in India Shop Onl_10c5f3/a_Australia")): Object: 'Object Repository/Amazon_pages_FooterLinks_OR/Page_Online Shopping site in India Shop Onl_10c5f3/a_Australia' is clicked on

03-02-2024T11:01:08 - [MESSAGE][PASSED] - Object: 'Object Repository/Amazon_pages_FooterLinks_OR/Page_Online Shopping site in India Shop Onl_10c5f3/a_Australia' is clicked on

03-02-2024T11:01:08 - [TEST_STEP][PASSED] - click(findTestObject("Object Repository/Amazon_pages_FooterLinks_OR/Page_Amazon.com.au Shop online for Electron_18857a/a_Brazil")): Object: 'Object Repository/Amazon_pages_FooterLinks_OR/Page_Amazon.com.au Shop online for Electron_18857a/a_Brazil' is clicked on

03-02-2024T11:01:16 - [MESSAGE][PASSED] - Object: 'Object Repository/Amazon_pages_FooterLinks_OR/Page_Amazon.com.au Shop online for Electron_18857a/a_Brazil' is clicked on

03-02-2024T11:01:16 - [TEST_STEP][PASSED] - click(findTestObject("Object Repository/Amazon_pages_FooterLinks_OR/Page_Amazon.com.br  Tudo pra voc, de A a Z/a_ndia")): Object: 'Object Repository/Amazon_pages_FooterLinks_OR/Page_Amazon.com.br  Tudo pra voc, de A a Z/a_ndia' is clicked on

03-02-2024T11:01:20 - [MESSAGE][PASSED] - Object: 'Object Repository/Amazon_pages_FooterLinks_OR/Page_Amazon.com.br  Tudo pra voc, de A a Z/a_ndia' is clicked on

03-02-2024T11:01:20 - [TEST_STEP][PASSED] - click(findTestObject("Object Repository/Amazon_pages_FooterLinks_OR/Page_Online Shopping site in India Shop Onl_10c5f3/a_Japan")): Object: 'Object Repository/Amazon_pages_FooterLinks_OR/Page_Online Shopping site in India Shop Onl_10c5f3/a_Japan' is clicked on

03-02-2024T11:01:26 - [MESSAGE][PASSED] - Object: 'Object Repository/Amazon_pages_FooterLinks_OR/Page_Online Shopping site in India Shop Onl_10c5f3/a_Japan' is clicked on

03-02-2024T11:01:26 - [TEST_STEP][PASSED] - closeBrowser(): Browser is closed

03-02-2024T11:01:28 - [MESSAGE][PASSED] - Browser is closed]]></system-out>
         <system-err><![CDATA[]]></system-err>
      </testcase>
      <testcase name="Test Cases/Amazon_Test Case/Amazon_TC_HeaderButton_003" time="52.975" classname="Test Cases/Amazon_Test Case/Amazon_TC_HeaderButton_003" status="PASSED">
         <system-out><![CDATA[03-02-2024T11:01:28 - [TEST_CASE][PASSED] - Test Cases/Amazon_Test Case/Amazon_TC_HeaderButton_003: Test Cases/Amazon_Test Case/Amazon_TC_HeaderButton_003

03-02-2024T11:01:28 - [TEST_STEP][PASSED] - openBrowser(""): Browser is opened with url: ''

03-02-2024T11:01:28 - [MESSAGE][INFO] - Starting 'Firefox' driver

03-02-2024T11:01:28 - [MESSAGE][INFO] - Action delay is set to 0 milliseconds

03-02-2024T11:01:31 - [MESSAGE][PASSED] - Browser is opened with url: ''

03-02-2024T11:01:31 - [TEST_STEP][PASSED] - navigateToUrl("https://www.amazon.in/"): Navigate to 'https://www.amazon.in/' successfully

03-02-2024T11:01:35 - [MESSAGE][PASSED] - Navigate to 'https://www.amazon.in/' successfully

03-02-2024T11:01:35 - [TEST_STEP][PASSED] - maximizeWindow(): Current window maximized

03-02-2024T11:01:35 - [MESSAGE][PASSED] - Current window maximized

03-02-2024T11:01:35 - [TEST_STEP][PASSED] - click(findTestObject("Object Repository/Amazon_Pages_HeaderButton_OR/Page_Online Shopping site in India Shop Onl_10c5f3/a_Sell")): Object: 'Object Repository/Amazon_Pages_HeaderButton_OR/Page_Online Shopping site in India Shop Onl_10c5f3/a_Sell' is clicked on

03-02-2024T11:01:40 - [MESSAGE][PASSED] - Object: 'Object Repository/Amazon_Pages_HeaderButton_OR/Page_Online Shopping site in India Shop Onl_10c5f3/a_Sell' is clicked on

03-02-2024T11:01:40 - [TEST_STEP][PASSED] - click(findTestObject("Object Repository/Amazon_Pages_HeaderButton_OR/Page_Amazon.in CrossShop1/a_Best Sellers")): Object: 'Object Repository/Amazon_Pages_HeaderButton_OR/Page_Amazon.in CrossShop1/a_Best Sellers' is clicked on

03-02-2024T11:01:42 - [MESSAGE][PASSED] - Object: 'Object Repository/Amazon_Pages_HeaderButton_OR/Page_Amazon.in CrossShop1/a_Best Sellers' is clicked on

03-02-2024T11:01:42 - [TEST_STEP][PASSED] - click(findTestObject("Object Repository/Amazon_Pages_HeaderButton_OR/Page_Amazon.in Bestsellers The most popular_e30680/a_Mobiles")): Object: 'Object Repository/Amazon_Pages_HeaderButton_OR/Page_Amazon.in Bestsellers The most popular_e30680/a_Mobiles' is clicked on

03-02-2024T11:01:48 - [MESSAGE][PASSED] - Object: 'Object Repository/Amazon_Pages_HeaderButton_OR/Page_Amazon.in Bestsellers The most popular_e30680/a_Mobiles' is clicked on

03-02-2024T11:01:48 - [TEST_STEP][PASSED] - click(findTestObject("Object Repository/Amazon_Pages_HeaderButton_OR/Page_Amazon.in - Deals/a_Electronics")): Object: 'Object Repository/Amazon_Pages_HeaderButton_OR/Page_Amazon.in - Deals/a_Electronics' is clicked on

03-02-2024T11:02:07 - [MESSAGE][PASSED] - Object: 'Object Repository/Amazon_Pages_HeaderButton_OR/Page_Amazon.in - Deals/a_Electronics' is clicked on

03-02-2024T11:02:07 - [TEST_STEP][PASSED] - click(findTestObject("Object Repository/Amazon_Pages_HeaderButton_OR/Page_Electronics Store Buy Electronics prod_1485cf/a_Customer Service")): Object: 'Object Repository/Amazon_Pages_HeaderButton_OR/Page_Electronics Store Buy Electronics prod_1485cf/a_Customer Service' is clicked on

03-02-2024T11:02:10 - [MESSAGE][PASSED] - Object: 'Object Repository/Amazon_Pages_HeaderButton_OR/Page_Electronics Store Buy Electronics prod_1485cf/a_Customer Service' is clicked on

03-02-2024T11:02:10 - [TEST_STEP][PASSED] - click(findTestObject("Object Repository/Amazon_Pages_HeaderButton_OR/Page_Help - Amazon Customer Service/a_New Releases")): Object: 'Object Repository/Amazon_Pages_HeaderButton_OR/Page_Help - Amazon Customer Service/a_New Releases' is clicked on

03-02-2024T11:02:12 - [MESSAGE][PASSED] - Object: 'Object Repository/Amazon_Pages_HeaderButton_OR/Page_Help - Amazon Customer Service/a_New Releases' is clicked on

03-02-2024T11:02:12 - [TEST_STEP][PASSED] - click(findTestObject("Object Repository/Amazon_Pages_HeaderButton_OR/Page_Amazon.in Hot New Releases The bestsel_0a911b/span_Prime")): Object: 'Object Repository/Amazon_Pages_HeaderButton_OR/Page_Amazon.in Hot New Releases The bestsel_0a911b/span_Prime' is clicked on

03-02-2024T11:02:16 - [MESSAGE][PASSED] - Object: 'Object Repository/Amazon_Pages_HeaderButton_OR/Page_Amazon.in Hot New Releases The bestsel_0a911b/span_Prime' is clicked on

03-02-2024T11:02:16 - [TEST_STEP][PASSED] - click(findTestObject("Object Repository/Amazon_Pages_HeaderButton_OR/Page_Gifts for Everyone  Amazon.in Gift Finder/a_Gift Ideas")): Object: 'Object Repository/Amazon_Pages_HeaderButton_OR/Page_Gifts for Everyone  Amazon.in Gift Finder/a_Gift Ideas' is clicked on

03-02-2024T11:02:19 - [MESSAGE][PASSED] - Object: 'Object Repository/Amazon_Pages_HeaderButton_OR/Page_Gifts for Everyone  Amazon.in Gift Finder/a_Gift Ideas' is clicked on

03-02-2024T11:02:19 - [TEST_STEP][PASSED] - closeBrowser(): Browser is closed

03-02-2024T11:02:20 - [MESSAGE][PASSED] - Browser is closed]]></system-out>
         <system-err><![CDATA[]]></system-err>
      </testcase>
      <system-out><![CDATA[03-02-2024T11:00:47 - [TEST_SUITE][PASSED] - Amazon_Dynamic_TS_HeaderButton_003: Test Cases/Amazon_Test Case/Amazon_TC_HeaderButton_003]]></system-out>
      <system-err><![CDATA[]]></system-err>
   </testsuite>
</testsuites>
