<?xml version="1.0" encoding="UTF-8"?>
<testsuites name="Amazon_DDT_TS_SignIn_001" time="17.039" tests="2" failures="0" errors="0">
   <testsuite name="Amazon_DDT_TS_SignIn_001" tests="2" failures="0" errors="0" time="17.039" skipped="0" timestamp="29-01-2024T17:02:50" hostname="Lenovo - Durgesh" id="Test Suites/Amazon_Data Driven Test/Amazon_DDT_TS_SignIn_001">
      <properties>
         <property name="deviceName" value=""/>
         <property name="devicePlatform" value=""/>
         <property name="logFolder" value="C:\\Users\\Lenovo\\git\\Katalon_Automation_Testing_SB_Amazon\\Reports\\20240129_170245\\Amazon_Data Driven Test\\Amazon_DDT_TS_SignIn_001\\20240129_170245"/>
         <property name="logFiles" value="C:\\Users\\Lenovo\\git\\Katalon_Automation_Testing_SB_Amazon\\Reports\\20240129_170245\\Amazon_Data Driven Test\\Amazon_DDT_TS_SignIn_001\\20240129_170245\\execution0.log"/>
         <property name="attachments" value=""/>
         <property name="hostName" value="Lenovo - Durgesh"/>
         <property name="os" value="Windows 11 64bit"/>
         <property name="katalonVersion" value="9.2.0.212"/>
         <property name="browser" value="Chrome 121.0.0.0"/>
         <property name="hostAddress" value="192.168.1.5"/>
         <property name="sessionId" value="7535b3a8ab3fcbd49aa66de627f48460"/>
         <property name="seleniumVersion" value="3.141.59"/>
         <property name="proxyInformation" value="ProxyInformation { proxyOption=NO_PROXY, proxyServerType=HTTP, username=, password=********, proxyServerAddress=, proxyServerPort=0, executionList=&quot;&quot;, isApplyToDesiredCapabilities=true }"/>
         <property name="platform" value="Windows 11"/>
      </properties>
      <testcase name="Test Cases/Amazon_DDT_Test case/Amazon_DDT_TC_SignIn_001" time="9.217" classname="Test Cases/Amazon_DDT_Test case/Amazon_DDT_TC_SignIn_001" status="PASSED">
         <system-out><![CDATA[29-01-2024T17:02:51 - [TEST_CASE][PASSED] - Test Cases/Amazon_DDT_Test case/Amazon_DDT_TC_SignIn_001: Test Cases/Amazon_DDT_Test case/Amazon_DDT_TC_SignIn_001

29-01-2024T17:02:51 - [TEST_STEP][PASSED] - Start listener action : onTestCaseStrat: null

29-01-2024T17:02:51 - [TEST_STEP][PASSED] - println("
 I am inside onTestCaseStrat Function"): null

29-01-2024T17:02:51 - [TEST_STEP][PASSED] - Start listener action : onTestCaseStrat: null

29-01-2024T17:02:51 - [TEST_STEP][PASSED] - println("
 I am inside onTestCaseStrat Function"): null

29-01-2024T17:02:51 - [TEST_STEP][PASSED] - openBrowser(""): Browser is opened with url: ''

29-01-2024T17:02:51 - [MESSAGE][INFO] - Starting 'Chrome' driver

29-01-2024T17:02:51 - [MESSAGE][INFO] - Action delay is set to 0 milliseconds

29-01-2024T17:02:53 - [MESSAGE][PASSED] - Browser is opened with url: ''

29-01-2024T17:02:53 - [TEST_STEP][PASSED] - navigateToUrl("https://www.amazon.in/"): Navigate to 'https://www.amazon.in/' successfully

29-01-2024T17:02:54 - [MESSAGE][PASSED] - Navigate to 'https://www.amazon.in/' successfully

29-01-2024T17:02:54 - [TEST_STEP][PASSED] - click(findTestObject("Object Repository/Amazon_DDT_Test_OR/Page_Online Shopping site in India Shop Onl_10c5f3/span_Hello, sign in")): Object: 'Object Repository/Amazon_DDT_Test_OR/Page_Online Shopping site in India Shop Onl_10c5f3/span_Hello, sign in' is clicked on

29-01-2024T17:02:56 - [MESSAGE][PASSED] - Object: 'Object Repository/Amazon_DDT_Test_OR/Page_Online Shopping site in India Shop Onl_10c5f3/span_Hello, sign in' is clicked on

29-01-2024T17:02:56 - [TEST_STEP][PASSED] - setText(findTestObject("Object Repository/Amazon_DDT_Test_OR/Page_Amazon Sign In/input_email"), email): Text 'durgeshkumar778080@gmail.com' is set on object 'Object Repository/Amazon_DDT_Test_OR/Page_Amazon Sign In/input_email'

29-01-2024T17:02:57 - [MESSAGE][PASSED] - Text 'durgeshkumar778080@gmail.com' is set on object 'Object Repository/Amazon_DDT_Test_OR/Page_Amazon Sign In/input_email'

29-01-2024T17:02:57 - [TEST_STEP][PASSED] - click(findTestObject("Object Repository/Amazon_DDT_Test_OR/Page_Amazon Sign In/inputcontinue")): Object: 'Object Repository/Amazon_DDT_Test_OR/Page_Amazon Sign In/inputcontinue' is clicked on

29-01-2024T17:02:58 - [MESSAGE][PASSED] - Object: 'Object Repository/Amazon_DDT_Test_OR/Page_Amazon Sign In/inputcontinue' is clicked on

29-01-2024T17:02:58 - [TEST_STEP][PASSED] - setText(findTestObject("Object Repository/Amazon_DDT_Test_OR/Page_Amazon Sign In/input_password"), password): Text 'Durg@8085' is set on object 'Object Repository/Amazon_DDT_Test_OR/Page_Amazon Sign In/input_password'

29-01-2024T17:03:00 - [MESSAGE][PASSED] - Text 'Durg@8085' is set on object 'Object Repository/Amazon_DDT_Test_OR/Page_Amazon Sign In/input_password'

29-01-2024T17:03:00 - [TEST_STEP][PASSED] - closeBrowser(): Browser is closed

29-01-2024T17:03:00 - [MESSAGE][PASSED] - Browser is closed

29-01-2024T17:03:00 - [TEST_STEP][PASSED] - Start listener action : sampleAfterTestCase: null

29-01-2024T17:03:00 - [TEST_STEP][PASSED] - println("
 I am inside sampleAfterTestCase Function"): null

29-01-2024T17:03:00 - [TEST_STEP][PASSED] - Start listener action : sampleAfterTestCase: null

29-01-2024T17:03:00 - [TEST_STEP][PASSED] - println("
 I am inside sampleAfterTestCase Function"): null

29-01-2024T17:03:00 - [TEST_STEP][PASSED] - Start listener action : sampleAfterTestCase: null

29-01-2024T17:03:00 - [TEST_STEP][PASSED] - println("
 I am inside sampleAfterTestCase Function"): null

29-01-2024T17:03:00 - [TEST_STEP][PASSED] - Start listener action : sampleAfterTestCase: null

29-01-2024T17:03:00 - [TEST_STEP][PASSED] - println("
 I am inside sampleAfterTestCase Function"): null]]></system-out>
         <system-err><![CDATA[]]></system-err>
      </testcase>
      <testcase name="Test Cases/Amazon_DDT_Test case/Amazon_DDT_TC_SignIn_001" time="7.304" classname="Test Cases/Amazon_DDT_Test case/Amazon_DDT_TC_SignIn_001" status="PASSED">
         <system-out><![CDATA[29-01-2024T17:03:00 - [TEST_CASE][PASSED] - Test Cases/Amazon_DDT_Test case/Amazon_DDT_TC_SignIn_001: Test Cases/Amazon_DDT_Test case/Amazon_DDT_TC_SignIn_001

29-01-2024T17:03:00 - [TEST_STEP][PASSED] - Start listener action : onTestCaseStrat: null

29-01-2024T17:03:00 - [TEST_STEP][PASSED] - println("
 I am inside onTestCaseStrat Function"): null

29-01-2024T17:03:00 - [TEST_STEP][PASSED] - Start listener action : onTestCaseStrat: null

29-01-2024T17:03:00 - [TEST_STEP][PASSED] - println("
 I am inside onTestCaseStrat Function"): null

29-01-2024T17:03:00 - [TEST_STEP][PASSED] - openBrowser(""): Browser is opened with url: ''

29-01-2024T17:03:00 - [MESSAGE][INFO] - Starting 'Chrome' driver

29-01-2024T17:03:00 - [MESSAGE][INFO] - Action delay is set to 0 milliseconds

29-01-2024T17:03:01 - [MESSAGE][PASSED] - Browser is opened with url: ''

29-01-2024T17:03:01 - [TEST_STEP][PASSED] - navigateToUrl("https://www.amazon.in/"): Navigate to 'https://www.amazon.in/' successfully

29-01-2024T17:03:02 - [MESSAGE][PASSED] - Navigate to 'https://www.amazon.in/' successfully

29-01-2024T17:03:02 - [TEST_STEP][PASSED] - click(findTestObject("Object Repository/Amazon_DDT_Test_OR/Page_Online Shopping site in India Shop Onl_10c5f3/span_Hello, sign in")): Object: 'Object Repository/Amazon_DDT_Test_OR/Page_Online Shopping site in India Shop Onl_10c5f3/span_Hello, sign in' is clicked on

29-01-2024T17:03:03 - [MESSAGE][PASSED] - Object: 'Object Repository/Amazon_DDT_Test_OR/Page_Online Shopping site in India Shop Onl_10c5f3/span_Hello, sign in' is clicked on

29-01-2024T17:03:03 - [TEST_STEP][PASSED] - setText(findTestObject("Object Repository/Amazon_DDT_Test_OR/Page_Amazon Sign In/input_email"), email): Text 'pradeep123@gmail.com' is set on object 'Object Repository/Amazon_DDT_Test_OR/Page_Amazon Sign In/input_email'

29-01-2024T17:03:04 - [MESSAGE][PASSED] - Text 'pradeep123@gmail.com' is set on object 'Object Repository/Amazon_DDT_Test_OR/Page_Amazon Sign In/input_email'

29-01-2024T17:03:04 - [TEST_STEP][PASSED] - click(findTestObject("Object Repository/Amazon_DDT_Test_OR/Page_Amazon Sign In/inputcontinue")): Object: 'Object Repository/Amazon_DDT_Test_OR/Page_Amazon Sign In/inputcontinue' is clicked on

29-01-2024T17:03:06 - [MESSAGE][PASSED] - Object: 'Object Repository/Amazon_DDT_Test_OR/Page_Amazon Sign In/inputcontinue' is clicked on

29-01-2024T17:03:06 - [TEST_STEP][PASSED] - setText(findTestObject("Object Repository/Amazon_DDT_Test_OR/Page_Amazon Sign In/input_password"), password): Text 'Pradeep@34' is set on object 'Object Repository/Amazon_DDT_Test_OR/Page_Amazon Sign In/input_password'

29-01-2024T17:03:07 - [MESSAGE][PASSED] - Text 'Pradeep@34' is set on object 'Object Repository/Amazon_DDT_Test_OR/Page_Amazon Sign In/input_password'

29-01-2024T17:03:07 - [TEST_STEP][PASSED] - closeBrowser(): Browser is closed

29-01-2024T17:03:07 - [MESSAGE][PASSED] - Browser is closed

29-01-2024T17:03:07 - [TEST_STEP][PASSED] - Start listener action : sampleAfterTestCase: null

29-01-2024T17:03:07 - [TEST_STEP][PASSED] - println("
 I am inside sampleAfterTestCase Function"): null

29-01-2024T17:03:07 - [TEST_STEP][PASSED] - Start listener action : sampleAfterTestCase: null

29-01-2024T17:03:07 - [TEST_STEP][PASSED] - println("
 I am inside sampleAfterTestCase Function"): null

29-01-2024T17:03:07 - [TEST_STEP][PASSED] - Start listener action : sampleAfterTestCase: null

29-01-2024T17:03:07 - [TEST_STEP][PASSED] - println("
 I am inside sampleAfterTestCase Function"): null

29-01-2024T17:03:07 - [TEST_STEP][PASSED] - Start listener action : sampleAfterTestCase: null

29-01-2024T17:03:07 - [TEST_STEP][PASSED] - println("
 I am inside sampleAfterTestCase Function"): null]]></system-out>
         <system-err><![CDATA[]]></system-err>
      </testcase>
      <system-out><![CDATA[29-01-2024T17:02:50 - [TEST_SUITE][PASSED] - Amazon_DDT_TS_SignIn_001: Test Cases/Amazon_DDT_Test case/Amazon_DDT_TC_SignIn_001]]></system-out>
      <system-err><![CDATA[]]></system-err>
   </testsuite>
</testsuites>
