<?xml version="1.0" encoding="UTF-8"?>
<testsuites name="Amazon_Test Suite_Listener_004" time="0.643" tests="1" failures="0" errors="0">
   <testsuite name="Amazon_Test Suite_Listener_004" tests="1" failures="0" errors="0" time="0.643" skipped="0" timestamp="29-01-2024T21:50:10" hostname="Lenovo - Durgesh" id="Test Suites/Test Suite_Listner/Amazon_Test Suite_Listener_004">
      <properties>
         <property name="deviceName" value=""/>
         <property name="devicePlatform" value=""/>
         <property name="logFolder" value="C:\\Users\\Lenovo\\git\\Katalon_Automation_Testing_SB_Amazon\\Reports\\20240129_215004\\Test Suite_Listner\\Amazon_Test Suite_Listener_004\\20240129_215004"/>
         <property name="logFiles" value="C:\\Users\\Lenovo\\git\\Katalon_Automation_Testing_SB_Amazon\\Reports\\20240129_215004\\Test Suite_Listner\\Amazon_Test Suite_Listener_004\\20240129_215004\\execution0.log"/>
         <property name="attachments" value=""/>
         <property name="hostName" value="Lenovo - Durgesh"/>
         <property name="hostAddress" value="192.168.43.195"/>
         <property name="os" value="Windows 11 64bit"/>
         <property name="katalonVersion" value="9.2.0.212"/>
      </properties>
      <testcase name="Test Cases/Amazon Test Listener/Test_004" time="0.214" classname="Test Cases/Amazon Test Listener/Test_004" status="PASSED">
         <system-out><![CDATA[29-01-2024T21:50:10 - [TEST_CASE][PASSED] - Test Cases/Amazon Test Listener/Test_004: Test Cases/Amazon Test Listener/Test_004

29-01-2024T21:50:10 - [TEST_STEP][PASSED] - Start listener action : onTestCaseStrat: null

29-01-2024T21:50:10 - [TEST_STEP][PASSED] - println("
 I am inside onTestCaseStrat Function"): null

29-01-2024T21:50:10 - [TEST_STEP][PASSED] - Start listener action : onTestCaseStrat: null

29-01-2024T21:50:10 - [TEST_STEP][PASSED] - println("
 I am inside onTestCaseStrat Function"): null

29-01-2024T21:50:11 - [TEST_STEP][PASSED] - println("
 I am inside Test_004"): null

29-01-2024T21:50:11 - [TEST_STEP][PASSED] - Start listener action : sampleAfterTestCase: null

29-01-2024T21:50:11 - [TEST_STEP][PASSED] - println("
 I am inside sampleAfterTestCase Function"): null

29-01-2024T21:50:11 - [TEST_STEP][PASSED] - Start listener action : sampleAfterTestCase: null

29-01-2024T21:50:11 - [TEST_STEP][PASSED] - println("
 I am inside sampleAfterTestCase Function"): null

29-01-2024T21:50:11 - [TEST_STEP][PASSED] - Start listener action : sampleAfterTestCase: null

29-01-2024T21:50:11 - [TEST_STEP][PASSED] - println("
 I am inside sampleAfterTestCase Function"): null

29-01-2024T21:50:11 - [TEST_STEP][PASSED] - Start listener action : sampleAfterTestCase: null

29-01-2024T21:50:11 - [TEST_STEP][PASSED] - println("
 I am inside sampleAfterTestCase Function"): null]]></system-out>
         <system-err><![CDATA[]]></system-err>
      </testcase>
      <system-out><![CDATA[29-01-2024T21:50:10 - [TEST_SUITE][PASSED] - Amazon_Test Suite_Listener_004: Test Cases/Amazon Test Listener/Test_004]]></system-out>
      <system-err><![CDATA[]]></system-err>
   </testsuite>
</testsuites>
