<?xml version="1.0" encoding="UTF-8"?>
<testsuites name="Amazon_HeaderButton_TS_Collection_003" time="116.325" tests="4" failures="0" errors="0">
   <testsuite name="Amazon_Basic_TS_SignIn_001" tests="1" failures="0" errors="0" time="19.886" skipped="0" timestamp="29-01-2024T01:13:48" hostname="Lenovo - Durgesh" id="Test Suites/Amazon_Test_Suites/Amazon_Basic_TS_SignIn_001">
      <properties>
         <property name="deviceName" value=""/>
         <property name="devicePlatform" value=""/>
         <property name="logFolder" value="C:\\Users\\Lenovo\\git\\Katalon_Automation_Testing_SB_Amazon\\Reports\\20240129_011338\\Amazon_Test_Suites\\Amazon_Basic_TS_SignIn_001\\20240129_011339"/>
         <property name="logFiles" value="C:\\Users\\Lenovo\\git\\Katalon_Automation_Testing_SB_Amazon\\Reports\\20240129_011338\\Amazon_Test_Suites\\Amazon_Basic_TS_SignIn_001\\20240129_011339\\execution0.log"/>
         <property name="attachments" value=""/>
         <property name="hostName" value="Lenovo - Durgesh"/>
         <property name="os" value="Windows 11 64bit"/>
         <property name="katalonVersion" value="9.2.0.212"/>
         <property name="browser" value="Firefox 122.0"/>
         <property name="hostAddress" value="192.168.1.10"/>
         <property name="sessionId" value="c55ead2e-6862-4e79-8e1c-68f7bba5de33"/>
         <property name="seleniumVersion" value="3.141.59"/>
         <property name="proxyInformation" value="ProxyInformation { proxyOption=NO_PROXY, proxyServerType=HTTP, username=, password=********, proxyServerAddress=, proxyServerPort=0, executionList=&quot;&quot;, isApplyToDesiredCapabilities=true }"/>
         <property name="platform" value="Windows 11"/>
      </properties>
      <testcase name="Test Cases/Amazon_Test Case/Amazon_TC_SignIn_001" time="19.524" classname="Test Cases/Amazon_Test Case/Amazon_TC_SignIn_001" status="PASSED">
         <system-out><![CDATA[29-01-2024T01:13:48 - [TEST_CASE][PASSED] - Test Cases/Amazon_Test Case/Amazon_TC_SignIn_001: Test Cases/Amazon_Test Case/Amazon_TC_SignIn_001

29-01-2024T01:13:48 - [TEST_STEP][PASSED] - Start listener action : onTestCaseStrat: null

29-01-2024T01:13:48 - [TEST_STEP][PASSED] - println("
 I am inside onTestCaseStrat Function"): null

29-01-2024T01:13:48 - [TEST_STEP][PASSED] - Start listener action : onTestCaseStrat: null

29-01-2024T01:13:48 - [TEST_STEP][PASSED] - println("
 I am inside onTestCaseStrat Function"): null

29-01-2024T01:13:48 - [TEST_STEP][PASSED] - openBrowser(""): Browser is opened with url: ''

29-01-2024T01:13:48 - [MESSAGE][INFO] - Starting 'Firefox' driver

29-01-2024T01:13:49 - [MESSAGE][INFO] - Action delay is set to 0 milliseconds

29-01-2024T01:13:53 - [MESSAGE][PASSED] - Browser is opened with url: ''

29-01-2024T01:13:53 - [TEST_STEP][PASSED] - navigateToUrl("https://www.amazon.com/"): Navigate to 'https://www.amazon.com/' successfully

29-01-2024T01:13:56 - [MESSAGE][PASSED] - Navigate to 'https://www.amazon.com/' successfully

29-01-2024T01:13:56 - [TEST_STEP][PASSED] - click(findTestObject("Object Repository/Amazon_Pages_SignIn_OR/Page_Amazon.com. Spend less. Smile more/span_Sign in")): Object: 'Object Repository/Amazon_Pages_SignIn_OR/Page_Amazon.com. Spend less. Smile more/span_Sign in' is clicked on

29-01-2024T01:13:58 - [MESSAGE][PASSED] - Object: 'Object Repository/Amazon_Pages_SignIn_OR/Page_Amazon.com. Spend less. Smile more/span_Sign in' is clicked on

29-01-2024T01:13:58 - [TEST_STEP][PASSED] - setText(findTestObject("Object Repository/Amazon_Pages_SignIn_OR/Page_Amazon Sign-In/input_email"), "durgeshkumar778080@gmail.com"): Text 'durgeshkumar778080@gmail.com' is set on object 'Object Repository/Amazon_Pages_SignIn_OR/Page_Amazon Sign-In/input_email'

29-01-2024T01:13:59 - [MESSAGE][PASSED] - Text 'durgeshkumar778080@gmail.com' is set on object 'Object Repository/Amazon_Pages_SignIn_OR/Page_Amazon Sign-In/input_email'

29-01-2024T01:13:59 - [TEST_STEP][PASSED] - click(findTestObject("Object Repository/Amazon_Pages_SignIn_OR/Page_Amazon Sign-In/inputcontinue")): Object: 'Object Repository/Amazon_Pages_SignIn_OR/Page_Amazon Sign-In/inputcontinue' is clicked on

29-01-2024T01:14:02 - [MESSAGE][PASSED] - Object: 'Object Repository/Amazon_Pages_SignIn_OR/Page_Amazon Sign-In/inputcontinue' is clicked on

29-01-2024T01:14:02 - [TEST_STEP][PASSED] - setEncryptedText(findTestObject("Object Repository/Amazon_Pages_SignIn_OR/Page_Amazon Sign-In/input_password"), "wyzziq9mVWQjeLthOCNz3A=="): Text ****** has been set on object 'Object Repository/Amazon_Pages_SignIn_OR/Page_Amazon Sign-In/input_password'

29-01-2024T01:14:03 - [MESSAGE][PASSED] - Text ****** has been set on object 'Object Repository/Amazon_Pages_SignIn_OR/Page_Amazon Sign-In/input_password'

29-01-2024T01:14:03 - [TEST_STEP][PASSED] - click(findTestObject("Object Repository/Amazon_Pages_SignIn_OR/Page_Amazon Sign-In/inputsignInSubmit")): Object: 'Object Repository/Amazon_Pages_SignIn_OR/Page_Amazon Sign-In/inputsignInSubmit' is clicked on

29-01-2024T01:14:06 - [MESSAGE][PASSED] - Object: 'Object Repository/Amazon_Pages_SignIn_OR/Page_Amazon Sign-In/inputsignInSubmit' is clicked on

29-01-2024T01:14:06 - [TEST_STEP][PASSED] - closeBrowser(): Browser is closed

29-01-2024T01:14:07 - [MESSAGE][PASSED] - Browser is closed

29-01-2024T01:14:07 - [TEST_STEP][PASSED] - Start listener action : sampleAfterTestCase: null

29-01-2024T01:14:07 - [TEST_STEP][PASSED] - println("
 I am inside sampleAfterTestCase Function"): null

29-01-2024T01:14:07 - [TEST_STEP][PASSED] - Start listener action : sampleAfterTestCase: null

29-01-2024T01:14:07 - [TEST_STEP][PASSED] - println("
 I am inside sampleAfterTestCase Function"): null]]></system-out>
         <system-err><![CDATA[]]></system-err>
      </testcase>
      <system-out><![CDATA[29-01-2024T01:13:48 - [TEST_SUITE][PASSED] - Amazon_Basic_TS_SignIn_001: Test Cases/Amazon_Test Case/Amazon_TC_SignIn_001]]></system-out>
      <system-err><![CDATA[]]></system-err>
   </testsuite>
   <testsuite name="Amazon_Basic_TS_HeaderButton_003" tests="3" failures="0" errors="0" time="85.489" skipped="0" timestamp="29-01-2024T01:14:13" hostname="Lenovo - Durgesh" id="Test Suites/Amazon_Test_Suites/Amazon_Basic_TS_HeaderButton_003">
      <properties>
         <property name="deviceName" value=""/>
         <property name="devicePlatform" value=""/>
         <property name="logFolder" value="C:\\Users\\Lenovo\\git\\Katalon_Automation_Testing_SB_Amazon\\Reports\\20240129_011338\\Amazon_Test_Suites\\Amazon_Basic_TS_HeaderButton_003\\20240129_011341"/>
         <property name="logFiles" value="C:\\Users\\Lenovo\\git\\Katalon_Automation_Testing_SB_Amazon\\Reports\\20240129_011338\\Amazon_Test_Suites\\Amazon_Basic_TS_HeaderButton_003\\20240129_011341\\execution0.log"/>
         <property name="attachments" value=""/>
         <property name="hostName" value="Lenovo - Durgesh"/>
         <property name="os" value="Windows 11 64bit"/>
         <property name="katalonVersion" value="9.2.0.212"/>
         <property name="browser" value="Chrome 121.0.0.0"/>
         <property name="hostAddress" value="192.168.1.10"/>
         <property name="sessionId" value="5c540881720780cc8d304200d5b0cd8b"/>
         <property name="seleniumVersion" value="3.141.59"/>
         <property name="proxyInformation" value="ProxyInformation { proxyOption=NO_PROXY, proxyServerType=HTTP, username=, password=********, proxyServerAddress=, proxyServerPort=0, executionList=&quot;&quot;, isApplyToDesiredCapabilities=true }"/>
         <property name="platform" value="Windows 11"/>
      </properties>
      <testcase name="Test Cases/Amazon_Test Case/Amazon_TC_SignIn_001" time="11.22" classname="Test Cases/Amazon_Test Case/Amazon_TC_SignIn_001" status="PASSED">
         <system-out><![CDATA[29-01-2024T01:14:13 - [TEST_CASE][PASSED] - Test Cases/Amazon_Test Case/Amazon_TC_SignIn_001: Test Cases/Amazon_Test Case/Amazon_TC_SignIn_001

29-01-2024T01:14:13 - [TEST_STEP][PASSED] - Start listener action : onTestCaseStrat: null

29-01-2024T01:14:13 - [TEST_STEP][PASSED] - println("
 I am inside onTestCaseStrat Function"): null

29-01-2024T01:14:13 - [TEST_STEP][PASSED] - Start listener action : onTestCaseStrat: null

29-01-2024T01:14:13 - [TEST_STEP][PASSED] - println("
 I am inside onTestCaseStrat Function"): null

29-01-2024T01:14:13 - [TEST_STEP][PASSED] - openBrowser(""): Browser is opened with url: ''

29-01-2024T01:14:14 - [MESSAGE][INFO] - Starting 'Chrome' driver

29-01-2024T01:14:14 - [MESSAGE][INFO] - Action delay is set to 0 milliseconds

29-01-2024T01:14:16 - [MESSAGE][PASSED] - Browser is opened with url: ''

29-01-2024T01:14:16 - [TEST_STEP][PASSED] - navigateToUrl("https://www.amazon.com/"): Navigate to 'https://www.amazon.com/' successfully

29-01-2024T01:14:17 - [MESSAGE][PASSED] - Navigate to 'https://www.amazon.com/' successfully

29-01-2024T01:14:17 - [TEST_STEP][PASSED] - click(findTestObject("Object Repository/Amazon_Pages_SignIn_OR/Page_Amazon.com. Spend less. Smile more/span_Sign in")): Object: 'Object Repository/Amazon_Pages_SignIn_OR/Page_Amazon.com. Spend less. Smile more/span_Sign in' is clicked on

29-01-2024T01:14:19 - [MESSAGE][PASSED] - Object: 'Object Repository/Amazon_Pages_SignIn_OR/Page_Amazon.com. Spend less. Smile more/span_Sign in' is clicked on

29-01-2024T01:14:19 - [TEST_STEP][PASSED] - setText(findTestObject("Object Repository/Amazon_Pages_SignIn_OR/Page_Amazon Sign-In/input_email"), "durgeshkumar778080@gmail.com"): Text 'durgeshkumar778080@gmail.com' is set on object 'Object Repository/Amazon_Pages_SignIn_OR/Page_Amazon Sign-In/input_email'

29-01-2024T01:14:21 - [MESSAGE][PASSED] - Text 'durgeshkumar778080@gmail.com' is set on object 'Object Repository/Amazon_Pages_SignIn_OR/Page_Amazon Sign-In/input_email'

29-01-2024T01:14:21 - [TEST_STEP][PASSED] - click(findTestObject("Object Repository/Amazon_Pages_SignIn_OR/Page_Amazon Sign-In/inputcontinue")): Object: 'Object Repository/Amazon_Pages_SignIn_OR/Page_Amazon Sign-In/inputcontinue' is clicked on

29-01-2024T01:14:23 - [MESSAGE][PASSED] - Object: 'Object Repository/Amazon_Pages_SignIn_OR/Page_Amazon Sign-In/inputcontinue' is clicked on

29-01-2024T01:14:23 - [TEST_STEP][PASSED] - setEncryptedText(findTestObject("Object Repository/Amazon_Pages_SignIn_OR/Page_Amazon Sign-In/input_password"), "wyzziq9mVWQjeLthOCNz3A=="): Text ****** has been set on object 'Object Repository/Amazon_Pages_SignIn_OR/Page_Amazon Sign-In/input_password'

29-01-2024T01:14:24 - [MESSAGE][PASSED] - Text ****** has been set on object 'Object Repository/Amazon_Pages_SignIn_OR/Page_Amazon Sign-In/input_password'

29-01-2024T01:14:24 - [TEST_STEP][PASSED] - click(findTestObject("Object Repository/Amazon_Pages_SignIn_OR/Page_Amazon Sign-In/inputsignInSubmit")): Object: 'Object Repository/Amazon_Pages_SignIn_OR/Page_Amazon Sign-In/inputsignInSubmit' is clicked on

29-01-2024T01:14:24 - [MESSAGE][PASSED] - Object: 'Object Repository/Amazon_Pages_SignIn_OR/Page_Amazon Sign-In/inputsignInSubmit' is clicked on

29-01-2024T01:14:24 - [TEST_STEP][PASSED] - closeBrowser(): Browser is closed

29-01-2024T01:14:24 - [MESSAGE][PASSED] - Browser is closed

29-01-2024T01:14:24 - [TEST_STEP][PASSED] - Start listener action : sampleAfterTestCase: null

29-01-2024T01:14:24 - [TEST_STEP][PASSED] - println("
 I am inside sampleAfterTestCase Function"): null

29-01-2024T01:14:24 - [TEST_STEP][PASSED] - Start listener action : sampleAfterTestCase: null

29-01-2024T01:14:24 - [TEST_STEP][PASSED] - println("
 I am inside sampleAfterTestCase Function"): null]]></system-out>
         <system-err><![CDATA[]]></system-err>
      </testcase>
      <testcase name="Test Cases/Amazon_Test Case/Amazon_TC_SearchItem_002" time="26.882" classname="Test Cases/Amazon_Test Case/Amazon_TC_SearchItem_002" status="PASSED">
         <system-out><![CDATA[29-01-2024T01:14:24 - [TEST_CASE][PASSED] - Test Cases/Amazon_Test Case/Amazon_TC_SearchItem_002: Test Cases/Amazon_Test Case/Amazon_TC_SearchItem_002

29-01-2024T01:14:24 - [TEST_STEP][PASSED] - Start listener action : onTestCaseStrat: null

29-01-2024T01:14:24 - [TEST_STEP][PASSED] - println("
 I am inside onTestCaseStrat Function"): null

29-01-2024T01:14:24 - [TEST_STEP][PASSED] - Start listener action : onTestCaseStrat: null

29-01-2024T01:14:24 - [TEST_STEP][PASSED] - println("
 I am inside onTestCaseStrat Function"): null

29-01-2024T01:14:25 - [TEST_STEP][PASSED] - openBrowser(""): Browser is opened with url: ''

29-01-2024T01:14:25 - [MESSAGE][INFO] - Starting 'Chrome' driver

29-01-2024T01:14:25 - [MESSAGE][INFO] - Action delay is set to 0 milliseconds

29-01-2024T01:14:25 - [MESSAGE][PASSED] - Browser is opened with url: ''

29-01-2024T01:14:25 - [TEST_STEP][PASSED] - navigateToUrl("https://www.amazon.com/"): Navigate to 'https://www.amazon.com/' successfully

29-01-2024T01:14:27 - [MESSAGE][PASSED] - Navigate to 'https://www.amazon.com/' successfully

29-01-2024T01:14:27 - [TEST_STEP][PASSED] - selectOptionByValue(findTestObject("Object Repository/Amazon_Pages_SearchItem_OR/Page_Amazon.com. Spend less. Smile more/select_All Departments        Arts  Crafts _135c92"), "search-alias=stripbooks-intl-ship", true): All options with value 'search-alias=stripbooks-intl-ship' are selected in object 'Object Repository/Amazon_Pages_SearchItem_OR/Page_Amazon.com. Spend less. Smile more/select_All Departments        Arts  Crafts _135c92'  using regular expression

29-01-2024T01:14:30 - [MESSAGE][PASSED] - All options with value 'search-alias=stripbooks-intl-ship' are selected in object 'Object Repository/Amazon_Pages_SearchItem_OR/Page_Amazon.com. Spend less. Smile more/select_All Departments        Arts  Crafts _135c92'  using regular expression

29-01-2024T01:14:30 - [TEST_STEP][PASSED] - setText(findTestObject("Object Repository/Amazon_Pages_SearchItem_OR/Page_Amazon.com. Spend less. Smile more/input_field-keywords"), "Da vinci code"): Text 'Da vinci code' is set on object 'Object Repository/Amazon_Pages_SearchItem_OR/Page_Amazon.com. Spend less. Smile more/input_field-keywords'

29-01-2024T01:14:31 - [MESSAGE][PASSED] - Text 'Da vinci code' is set on object 'Object Repository/Amazon_Pages_SearchItem_OR/Page_Amazon.com. Spend less. Smile more/input_field-keywords'

29-01-2024T01:14:31 - [TEST_STEP][PASSED] - click(findTestObject("Object Repository/Amazon_Pages_SearchItem_OR/Page_Amazon.com. Spend less. Smile more/inputnav-search-submit-button")): Object: 'Object Repository/Amazon_Pages_SearchItem_OR/Page_Amazon.com. Spend less. Smile more/inputnav-search-submit-button' is clicked on

29-01-2024T01:14:35 - [MESSAGE][PASSED] - Object: 'Object Repository/Amazon_Pages_SearchItem_OR/Page_Amazon.com. Spend less. Smile more/inputnav-search-submit-button' is clicked on

29-01-2024T01:14:35 - [TEST_STEP][PASSED] - selectOptionByValue(findTestObject("Object Repository/Amazon_Pages_SearchItem_OR/Page_Amazon.com  Da vinci code/select_All Departments        Arts  Crafts _135c92"), "search-alias=electronics-intl-ship", true): All options with value 'search-alias=electronics-intl-ship' are selected in object 'Object Repository/Amazon_Pages_SearchItem_OR/Page_Amazon.com  Da vinci code/select_All Departments        Arts  Crafts _135c92'  using regular expression

29-01-2024T01:14:37 - [MESSAGE][PASSED] - All options with value 'search-alias=electronics-intl-ship' are selected in object 'Object Repository/Amazon_Pages_SearchItem_OR/Page_Amazon.com  Da vinci code/select_All Departments        Arts  Crafts _135c92'  using regular expression

29-01-2024T01:14:37 - [TEST_STEP][PASSED] - setText(findTestObject("Object Repository/Amazon_Pages_SearchItem_OR/Page_Amazon.com  Da vinci code/input_field-keywords"), "Laptop"): Text 'Laptop' is set on object 'Object Repository/Amazon_Pages_SearchItem_OR/Page_Amazon.com  Da vinci code/input_field-keywords'

29-01-2024T01:14:38 - [MESSAGE][PASSED] - Text 'Laptop' is set on object 'Object Repository/Amazon_Pages_SearchItem_OR/Page_Amazon.com  Da vinci code/input_field-keywords'

29-01-2024T01:14:38 - [TEST_STEP][PASSED] - click(findTestObject("Object Repository/Amazon_Pages_SearchItem_OR/Page_Amazon.com  Da vinci code/inputnav-search-submit-button")): Object: 'Object Repository/Amazon_Pages_SearchItem_OR/Page_Amazon.com  Da vinci code/inputnav-search-submit-button' is clicked on

29-01-2024T01:14:44 - [MESSAGE][PASSED] - Object: 'Object Repository/Amazon_Pages_SearchItem_OR/Page_Amazon.com  Da vinci code/inputnav-search-submit-button' is clicked on

29-01-2024T01:14:44 - [TEST_STEP][PASSED] - selectOptionByValue(findTestObject("Object Repository/Amazon_Pages_SearchItem_OR/Page_Amazon.com  Laptop/select_Electronics        All Departments  _28d51a"), "search-alias=kitchen-intl-ship", true): All options with value 'search-alias=kitchen-intl-ship' are selected in object 'Object Repository/Amazon_Pages_SearchItem_OR/Page_Amazon.com  Laptop/select_Electronics        All Departments  _28d51a'  using regular expression

29-01-2024T01:14:46 - [MESSAGE][PASSED] - All options with value 'search-alias=kitchen-intl-ship' are selected in object 'Object Repository/Amazon_Pages_SearchItem_OR/Page_Amazon.com  Laptop/select_Electronics        All Departments  _28d51a'  using regular expression

29-01-2024T01:14:46 - [TEST_STEP][PASSED] - setText(findTestObject("Object Repository/Amazon_Pages_SearchItem_OR/Page_Amazon.com  Laptop/input_field-keywords"), "washing machine "): Text 'washing machine ' is set on object 'Object Repository/Amazon_Pages_SearchItem_OR/Page_Amazon.com  Laptop/input_field-keywords'

29-01-2024T01:14:47 - [MESSAGE][PASSED] - Text 'washing machine ' is set on object 'Object Repository/Amazon_Pages_SearchItem_OR/Page_Amazon.com  Laptop/input_field-keywords'

29-01-2024T01:14:47 - [TEST_STEP][PASSED] - click(findTestObject("Object Repository/Amazon_Pages_SearchItem_OR/Page_Amazon.com  Laptop/inputnav-search-submit-button")): Object: 'Object Repository/Amazon_Pages_SearchItem_OR/Page_Amazon.com  Laptop/inputnav-search-submit-button' is clicked on

29-01-2024T01:14:51 - [MESSAGE][PASSED] - Object: 'Object Repository/Amazon_Pages_SearchItem_OR/Page_Amazon.com  Laptop/inputnav-search-submit-button' is clicked on

29-01-2024T01:14:51 - [TEST_STEP][PASSED] - closeBrowser(): Browser is closed

29-01-2024T01:14:51 - [MESSAGE][PASSED] - Browser is closed

29-01-2024T01:14:51 - [TEST_STEP][PASSED] - Start listener action : sampleAfterTestCase: null

29-01-2024T01:14:51 - [TEST_STEP][PASSED] - println("
 I am inside sampleAfterTestCase Function"): null

29-01-2024T01:14:51 - [TEST_STEP][PASSED] - Start listener action : sampleAfterTestCase: null

29-01-2024T01:14:51 - [TEST_STEP][PASSED] - println("
 I am inside sampleAfterTestCase Function"): null]]></system-out>
         <system-err><![CDATA[]]></system-err>
      </testcase>
      <testcase name="Test Cases/Amazon_Test Case/Amazon_TC_HeaderButton_003" time="47.095" classname="Test Cases/Amazon_Test Case/Amazon_TC_HeaderButton_003" status="PASSED">
         <system-out><![CDATA[29-01-2024T01:14:51 - [TEST_CASE][PASSED] - Test Cases/Amazon_Test Case/Amazon_TC_HeaderButton_003: Test Cases/Amazon_Test Case/Amazon_TC_HeaderButton_003

29-01-2024T01:14:51 - [TEST_STEP][PASSED] - Start listener action : onTestCaseStrat: null

29-01-2024T01:14:51 - [TEST_STEP][PASSED] - println("
 I am inside onTestCaseStrat Function"): null

29-01-2024T01:14:51 - [TEST_STEP][PASSED] - Start listener action : onTestCaseStrat: null

29-01-2024T01:14:51 - [TEST_STEP][PASSED] - println("
 I am inside onTestCaseStrat Function"): null

29-01-2024T01:14:51 - [TEST_STEP][PASSED] - openBrowser(""): Browser is opened with url: ''

29-01-2024T01:14:51 - [MESSAGE][INFO] - Starting 'Chrome' driver

29-01-2024T01:14:51 - [MESSAGE][INFO] - Action delay is set to 0 milliseconds

29-01-2024T01:14:52 - [MESSAGE][PASSED] - Browser is opened with url: ''

29-01-2024T01:14:52 - [TEST_STEP][PASSED] - navigateToUrl("https://www.amazon.in/"): Navigate to 'https://www.amazon.in/' successfully

29-01-2024T01:14:53 - [MESSAGE][PASSED] - Navigate to 'https://www.amazon.in/' successfully

29-01-2024T01:14:53 - [TEST_STEP][PASSED] - maximizeWindow(): Current window maximized

29-01-2024T01:14:53 - [MESSAGE][PASSED] - Current window maximized

29-01-2024T01:14:53 - [TEST_STEP][PASSED] - click(findTestObject("Object Repository/Amazon_Pages_HeaderButton_OR/Page_Online Shopping site in India Shop Onl_10c5f3/a_Sell")): Object: 'Object Repository/Amazon_Pages_HeaderButton_OR/Page_Online Shopping site in India Shop Onl_10c5f3/a_Sell' is clicked on

29-01-2024T01:15:12 - [MESSAGE][PASSED] - Object: 'Object Repository/Amazon_Pages_HeaderButton_OR/Page_Online Shopping site in India Shop Onl_10c5f3/a_Sell' is clicked on

29-01-2024T01:15:12 - [TEST_STEP][PASSED] - click(findTestObject("Object Repository/Amazon_Pages_HeaderButton_OR/Page_Amazon.in CrossShop1/a_Best Sellers")): Object: 'Object Repository/Amazon_Pages_HeaderButton_OR/Page_Amazon.in CrossShop1/a_Best Sellers' is clicked on

29-01-2024T01:15:15 - [MESSAGE][PASSED] - Object: 'Object Repository/Amazon_Pages_HeaderButton_OR/Page_Amazon.in CrossShop1/a_Best Sellers' is clicked on

29-01-2024T01:15:15 - [TEST_STEP][PASSED] - click(findTestObject("Object Repository/Amazon_Pages_HeaderButton_OR/Page_Amazon.in Bestsellers The most popular_e30680/a_Todays Deals")): Object: 'Object Repository/Amazon_Pages_HeaderButton_OR/Page_Amazon.in Bestsellers The most popular_e30680/a_Todays Deals' is clicked on

29-01-2024T01:15:17 - [MESSAGE][PASSED] - Object: 'Object Repository/Amazon_Pages_HeaderButton_OR/Page_Amazon.in Bestsellers The most popular_e30680/a_Todays Deals' is clicked on

29-01-2024T01:15:17 - [TEST_STEP][PASSED] - click(findTestObject("Object Repository/Amazon_Pages_HeaderButton_OR/Page_Amazon.in - Deals/a_Mobiles")): Object: 'Object Repository/Amazon_Pages_HeaderButton_OR/Page_Amazon.in - Deals/a_Mobiles' is clicked on

29-01-2024T01:15:22 - [MESSAGE][PASSED] - Object: 'Object Repository/Amazon_Pages_HeaderButton_OR/Page_Amazon.in - Deals/a_Mobiles' is clicked on

29-01-2024T01:15:22 - [TEST_STEP][PASSED] - click(findTestObject("Object Repository/Amazon_Pages_HeaderButton_OR/Page_Mobile Phones Buy New Mobiles Online a_11ca6d/a_Electronics")): Object: 'Object Repository/Amazon_Pages_HeaderButton_OR/Page_Mobile Phones Buy New Mobiles Online a_11ca6d/a_Electronics' is clicked on

29-01-2024T01:15:29 - [MESSAGE][PASSED] - Object: 'Object Repository/Amazon_Pages_HeaderButton_OR/Page_Mobile Phones Buy New Mobiles Online a_11ca6d/a_Electronics' is clicked on

29-01-2024T01:15:29 - [TEST_STEP][PASSED] - click(findTestObject("Object Repository/Amazon_Pages_HeaderButton_OR/Page_Help - Amazon Customer Service/a_Prime")): Object: 'Object Repository/Amazon_Pages_HeaderButton_OR/Page_Help - Amazon Customer Service/a_Prime' is clicked on

29-01-2024T01:15:31 - [MESSAGE][PASSED] - Object: 'Object Repository/Amazon_Pages_HeaderButton_OR/Page_Help - Amazon Customer Service/a_Prime' is clicked on

29-01-2024T01:15:31 - [TEST_STEP][PASSED] - click(findTestObject("Object Repository/Amazon_Pages_HeaderButton_OR/Page_Amazon.in Amazon Prime - 30 Day FREE Trial/a_New Releases")): Object: 'Object Repository/Amazon_Pages_HeaderButton_OR/Page_Amazon.in Amazon Prime - 30 Day FREE Trial/a_New Releases' is clicked on

29-01-2024T01:15:33 - [MESSAGE][PASSED] - Object: 'Object Repository/Amazon_Pages_HeaderButton_OR/Page_Amazon.in Amazon Prime - 30 Day FREE Trial/a_New Releases' is clicked on

29-01-2024T01:15:33 - [TEST_STEP][PASSED] - click(findTestObject("Object Repository/Amazon_Pages_HeaderButton_OR/Page_Amazon.in Hot New Releases The bestsel_0a911b/a_Gift Ideas")): Object: 'Object Repository/Amazon_Pages_HeaderButton_OR/Page_Amazon.in Hot New Releases The bestsel_0a911b/a_Gift Ideas' is clicked on

29-01-2024T01:15:35 - [MESSAGE][PASSED] - Object: 'Object Repository/Amazon_Pages_HeaderButton_OR/Page_Amazon.in Hot New Releases The bestsel_0a911b/a_Gift Ideas' is clicked on

29-01-2024T01:15:35 - [TEST_STEP][PASSED] - click(findTestObject("Object Repository/Amazon_Pages_HeaderButton_OR/Page_Gifts for Everyone  Amazon.in Gift Finder/a_Home  Kitchen")): Object: 'Object Repository/Amazon_Pages_HeaderButton_OR/Page_Gifts for Everyone  Amazon.in Gift Finder/a_Home  Kitchen' is clicked on

29-01-2024T01:15:38 - [MESSAGE][PASSED] - Object: 'Object Repository/Amazon_Pages_HeaderButton_OR/Page_Gifts for Everyone  Amazon.in Gift Finder/a_Home  Kitchen' is clicked on

29-01-2024T01:15:38 - [TEST_STEP][PASSED] - closeBrowser(): Browser is closed

29-01-2024T01:15:38 - [MESSAGE][PASSED] - Browser is closed

29-01-2024T01:15:38 - [TEST_STEP][PASSED] - Start listener action : sampleAfterTestCase: null

29-01-2024T01:15:38 - [TEST_STEP][PASSED] - println("
 I am inside sampleAfterTestCase Function"): null

29-01-2024T01:15:38 - [TEST_STEP][PASSED] - Start listener action : sampleAfterTestCase: null

29-01-2024T01:15:38 - [TEST_STEP][PASSED] - println("
 I am inside sampleAfterTestCase Function"): null]]></system-out>
         <system-err><![CDATA[]]></system-err>
      </testcase>
      <system-out><![CDATA[29-01-2024T01:14:13 - [TEST_SUITE][PASSED] - Amazon_Basic_TS_HeaderButton_003: Test Cases/Amazon_Test Case/Amazon_TC_HeaderButton_003]]></system-out>
      <system-err><![CDATA[]]></system-err>
   </testsuite>
</testsuites>
