<?xml version="1.0" encoding="UTF-8"?>
<testsuites name="Amazon_Basic_TS_SearchItem_002" time="302.273" tests="2" failures="0" errors="0">
   <testsuite name="Amazon_Basic_TS_SearchItem_002" tests="2" failures="0" errors="0" time="302.273" skipped="0" timestamp="03-02-2024T10:48:21" hostname="Lenovo - Durgesh" id="Test Suites/Amazon_Test_Suites/Amazon_Basic_TS_SearchItem_002">
      <properties>
         <property name="deviceName" value=""/>
         <property name="devicePlatform" value=""/>
         <property name="logFolder" value="C:\\Users\\Lenovo\\git\\Katalon_Automation_Testing_SB_Amazon\\Reports\\20240203_104816\\Amazon_Test_Suites\\Amazon_Basic_TS_SearchItem_002\\20240203_104816"/>
         <property name="logFiles" value="C:\\Users\\Lenovo\\git\\Katalon_Automation_Testing_SB_Amazon\\Reports\\20240203_104816\\Amazon_Test_Suites\\Amazon_Basic_TS_SearchItem_002\\20240203_104816\\execution0.log"/>
         <property name="attachments" value=""/>
         <property name="hostName" value="Lenovo - Durgesh"/>
         <property name="os" value="Windows 11 64bit"/>
         <property name="katalonVersion" value="9.2.0.212"/>
         <property name="browser" value="Chrome 121.0.0.0"/>
         <property name="hostAddress" value="192.168.43.195"/>
         <property name="sessionId" value="2f3d21b234a39982686d2e1ea508751f"/>
         <property name="seleniumVersion" value="3.141.59"/>
         <property name="proxyInformation" value="ProxyInformation { proxyOption=NO_PROXY, proxyServerType=HTTP, username=, password=********, proxyServerAddress=, proxyServerPort=0, executionList=&quot;&quot;, isApplyToDesiredCapabilities=true }"/>
         <property name="platform" value="Windows 11"/>
      </properties>
      <testcase name="Test Cases/Amazon_Test Case/Amazon_TC_SearchItem_002" time="130.422" classname="Test Cases/Amazon_Test Case/Amazon_TC_SearchItem_002" status="PASSED">
         <system-out><![CDATA[03-02-2024T10:48:21 - [TEST_CASE][PASSED] - Test Cases/Amazon_Test Case/Amazon_TC_SearchItem_002: Test Cases/Amazon_Test Case/Amazon_TC_SearchItem_002

03-02-2024T10:48:21 - [TEST_STEP][PASSED] - openBrowser(""): Browser is opened with url: ''

03-02-2024T10:48:22 - [MESSAGE][INFO] - Starting 'Chrome' driver

03-02-2024T10:48:22 - [MESSAGE][INFO] - Action delay is set to 0 milliseconds

03-02-2024T10:48:23 - [MESSAGE][PASSED] - Browser is opened with url: ''

03-02-2024T10:48:23 - [TEST_STEP][PASSED] - navigateToUrl("https://www.amazon.in/"): Navigate to 'https://www.amazon.in/' successfully

03-02-2024T10:48:26 - [MESSAGE][PASSED] - Navigate to 'https://www.amazon.in/' successfully

03-02-2024T10:48:26 - [TEST_STEP][PASSED] - selectOptionByValue(findTestObject("Object Repository/Amazon_Searchitem_OR/Page_Online Shopping site in India Shop Onl_10c5f3/select_All Categories        Alexa Skills  _a62561"), "search-alias=stripbooks", true): All options with value 'search-alias=stripbooks' are selected in object 'Object Repository/Amazon_Searchitem_OR/Page_Online Shopping site in India Shop Onl_10c5f3/select_All Categories        Alexa Skills  _a62561'  using regular expression

03-02-2024T10:48:29 - [MESSAGE][PASSED] - All options with value 'search-alias=stripbooks' are selected in object 'Object Repository/Amazon_Searchitem_OR/Page_Online Shopping site in India Shop Onl_10c5f3/select_All Categories        Alexa Skills  _a62561'  using regular expression

03-02-2024T10:48:29 - [TEST_STEP][PASSED] - setText(findTestObject("Object Repository/Amazon_Searchitem_OR/Page_Online Shopping site in India Shop Onl_10c5f3/input_field-keywords"), "Da vinci code"): Text 'Da vinci code' is set on object 'Object Repository/Amazon_Searchitem_OR/Page_Online Shopping site in India Shop Onl_10c5f3/input_field-keywords'

03-02-2024T10:48:31 - [MESSAGE][PASSED] - Text 'Da vinci code' is set on object 'Object Repository/Amazon_Searchitem_OR/Page_Online Shopping site in India Shop Onl_10c5f3/input_field-keywords'

03-02-2024T10:48:31 - [TEST_STEP][PASSED] - click(findTestObject("Object Repository/Amazon_Searchitem_OR/Page_Online Shopping site in India Shop Onl_10c5f3/inputnav-search-submit-button")): Object: 'Object Repository/Amazon_Searchitem_OR/Page_Online Shopping site in India Shop Onl_10c5f3/inputnav-search-submit-button' is clicked on

03-02-2024T10:48:34 - [MESSAGE][PASSED] - Object: 'Object Repository/Amazon_Searchitem_OR/Page_Online Shopping site in India Shop Onl_10c5f3/inputnav-search-submit-button' is clicked on

03-02-2024T10:48:34 - [TEST_STEP][PASSED] - selectOptionByValue(findTestObject("Object Repository/Amazon_Searchitem_OR/Page_Amazon.in  Da vinci code/select_All Categories        Alexa Skills  _a62561"), "search-alias=apparel", true): All options with value 'search-alias=apparel' are selected in object 'Object Repository/Amazon_Searchitem_OR/Page_Amazon.in  Da vinci code/select_All Categories        Alexa Skills  _a62561'  using regular expression

03-02-2024T10:48:36 - [MESSAGE][PASSED] - All options with value 'search-alias=apparel' are selected in object 'Object Repository/Amazon_Searchitem_OR/Page_Amazon.in  Da vinci code/select_All Categories        Alexa Skills  _a62561'  using regular expression

03-02-2024T10:48:36 - [TEST_STEP][PASSED] - setText(findTestObject("Object Repository/Amazon_Searchitem_OR/Page_Amazon.in  Da vinci code/input_field-keywords"), "T shirt for men"): Text 'T shirt for men' is set on object 'Object Repository/Amazon_Searchitem_OR/Page_Amazon.in  Da vinci code/input_field-keywords'

03-02-2024T10:48:37 - [MESSAGE][PASSED] - Text 'T shirt for men' is set on object 'Object Repository/Amazon_Searchitem_OR/Page_Amazon.in  Da vinci code/input_field-keywords'

03-02-2024T10:48:37 - [TEST_STEP][PASSED] - click(findTestObject("Object Repository/Amazon_Searchitem_OR/Page_Amazon.in  Da vinci code/inputnav-search-submit-button")): Object: 'Object Repository/Amazon_Searchitem_OR/Page_Amazon.in  Da vinci code/inputnav-search-submit-button' is clicked on

03-02-2024T10:49:04 - [MESSAGE][PASSED] - Object: 'Object Repository/Amazon_Searchitem_OR/Page_Amazon.in  Da vinci code/inputnav-search-submit-button' is clicked on

03-02-2024T10:49:04 - [TEST_STEP][PASSED] - selectOptionByValue(findTestObject("Object Repository/Amazon_Searchitem_OR/Page_Amazon.in  T shirt for men/select_All Categories        Alexa Skills  _a62561"), "search-alias=electronics", true): All options with value 'search-alias=electronics' are selected in object 'Object Repository/Amazon_Searchitem_OR/Page_Amazon.in  T shirt for men/select_All Categories        Alexa Skills  _a62561'  using regular expression

03-02-2024T10:49:15 - [MESSAGE][PASSED] - All options with value 'search-alias=electronics' are selected in object 'Object Repository/Amazon_Searchitem_OR/Page_Amazon.in  T shirt for men/select_All Categories        Alexa Skills  _a62561'  using regular expression

03-02-2024T10:49:15 - [TEST_STEP][PASSED] - setText(findTestObject("Object Repository/Amazon_Searchitem_OR/Page_Amazon.in  T shirt for men/input_field-keywords"), "laptop"): Text 'laptop' is set on object 'Object Repository/Amazon_Searchitem_OR/Page_Amazon.in  T shirt for men/input_field-keywords'

03-02-2024T10:49:17 - [MESSAGE][PASSED] - Text 'laptop' is set on object 'Object Repository/Amazon_Searchitem_OR/Page_Amazon.in  T shirt for men/input_field-keywords'

03-02-2024T10:49:17 - [TEST_STEP][PASSED] - click(findTestObject("Object Repository/Amazon_Searchitem_OR/Page_Amazon.in  T shirt for men/inputnav-search-submit-button")): Object: 'Object Repository/Amazon_Searchitem_OR/Page_Amazon.in  T shirt for men/inputnav-search-submit-button' is clicked on

03-02-2024T10:49:29 - [MESSAGE][PASSED] - Object: 'Object Repository/Amazon_Searchitem_OR/Page_Amazon.in  T shirt for men/inputnav-search-submit-button' is clicked on

03-02-2024T10:49:29 - [TEST_STEP][PASSED] - selectOptionByValue(findTestObject("Object Repository/Amazon_Searchitem_OR/Page_Amazon.in  laptop/select_All Categories        Alexa Skills  _a62561"), "search-alias=furniture", true): All options with value 'search-alias=furniture' are selected in object 'Object Repository/Amazon_Searchitem_OR/Page_Amazon.in  laptop/select_All Categories        Alexa Skills  _a62561'  using regular expression

03-02-2024T10:49:34 - [MESSAGE][PASSED] - All options with value 'search-alias=furniture' are selected in object 'Object Repository/Amazon_Searchitem_OR/Page_Amazon.in  laptop/select_All Categories        Alexa Skills  _a62561'  using regular expression

03-02-2024T10:49:34 - [TEST_STEP][PASSED] - setText(findTestObject("Object Repository/Amazon_Searchitem_OR/Page_Amazon.in  laptop/input_field-keywords"), "chair"): Text 'chair' is set on object 'Object Repository/Amazon_Searchitem_OR/Page_Amazon.in  laptop/input_field-keywords'

03-02-2024T10:49:43 - [MESSAGE][PASSED] - Text 'chair' is set on object 'Object Repository/Amazon_Searchitem_OR/Page_Amazon.in  laptop/input_field-keywords'

03-02-2024T10:49:43 - [TEST_STEP][PASSED] - click(findTestObject("Object Repository/Amazon_Searchitem_OR/Page_Amazon.in  laptop/inputnav-search-submit-button")): Object: 'Object Repository/Amazon_Searchitem_OR/Page_Amazon.in  laptop/inputnav-search-submit-button' is clicked on

03-02-2024T10:50:31 - [MESSAGE][PASSED] - Object: 'Object Repository/Amazon_Searchitem_OR/Page_Amazon.in  laptop/inputnav-search-submit-button' is clicked on

03-02-2024T10:50:31 - [TEST_STEP][PASSED] - closeBrowser(): Browser is closed

03-02-2024T10:50:32 - [MESSAGE][PASSED] - Browser is closed]]></system-out>
         <system-err><![CDATA[]]></system-err>
      </testcase>
      <testcase name="Test Cases/Amazon_Test Case/Amazon_TC_HeaderButton_003" time="171.546" classname="Test Cases/Amazon_Test Case/Amazon_TC_HeaderButton_003" status="PASSED">
         <system-out><![CDATA[03-02-2024T10:50:32 - [TEST_CASE][PASSED] - Test Cases/Amazon_Test Case/Amazon_TC_HeaderButton_003: Test Cases/Amazon_Test Case/Amazon_TC_HeaderButton_003

03-02-2024T10:50:32 - [TEST_STEP][PASSED] - openBrowser(""): Browser is opened with url: ''

03-02-2024T10:50:32 - [MESSAGE][INFO] - Starting 'Chrome' driver

03-02-2024T10:50:32 - [MESSAGE][INFO] - Action delay is set to 0 milliseconds

03-02-2024T10:50:32 - [MESSAGE][PASSED] - Browser is opened with url: ''

03-02-2024T10:50:32 - [TEST_STEP][PASSED] - navigateToUrl("https://www.amazon.in/"): Navigate to 'https://www.amazon.in/' successfully

03-02-2024T10:50:41 - [MESSAGE][PASSED] - Navigate to 'https://www.amazon.in/' successfully

03-02-2024T10:50:41 - [TEST_STEP][PASSED] - maximizeWindow(): Current window maximized

03-02-2024T10:50:41 - [MESSAGE][PASSED] - Current window maximized

03-02-2024T10:50:41 - [TEST_STEP][PASSED] - click(findTestObject("Object Repository/Amazon_Pages_HeaderButton_OR/Page_Online Shopping site in India Shop Onl_10c5f3/a_Sell")): Object: 'Object Repository/Amazon_Pages_HeaderButton_OR/Page_Online Shopping site in India Shop Onl_10c5f3/a_Sell' is clicked on

03-02-2024T10:51:09 - [MESSAGE][PASSED] - Object: 'Object Repository/Amazon_Pages_HeaderButton_OR/Page_Online Shopping site in India Shop Onl_10c5f3/a_Sell' is clicked on

03-02-2024T10:51:09 - [TEST_STEP][PASSED] - click(findTestObject("Object Repository/Amazon_Pages_HeaderButton_OR/Page_Amazon.in CrossShop1/a_Best Sellers")): Object: 'Object Repository/Amazon_Pages_HeaderButton_OR/Page_Amazon.in CrossShop1/a_Best Sellers' is clicked on

03-02-2024T10:51:19 - [MESSAGE][PASSED] - Object: 'Object Repository/Amazon_Pages_HeaderButton_OR/Page_Amazon.in CrossShop1/a_Best Sellers' is clicked on

03-02-2024T10:51:19 - [TEST_STEP][PASSED] - click(findTestObject("Object Repository/Amazon_Pages_HeaderButton_OR/Page_Amazon.in Bestsellers The most popular_e30680/a_Mobiles")): Object: 'Object Repository/Amazon_Pages_HeaderButton_OR/Page_Amazon.in Bestsellers The most popular_e30680/a_Mobiles' is clicked on

03-02-2024T10:52:44 - [MESSAGE][PASSED] - Object: 'Object Repository/Amazon_Pages_HeaderButton_OR/Page_Amazon.in Bestsellers The most popular_e30680/a_Mobiles' is clicked on

03-02-2024T10:52:44 - [TEST_STEP][PASSED] - click(findTestObject("Object Repository/Amazon_Pages_HeaderButton_OR/Page_Amazon.in - Deals/a_Electronics")): Object: 'Object Repository/Amazon_Pages_HeaderButton_OR/Page_Amazon.in - Deals/a_Electronics' is clicked on

03-02-2024T10:53:07 - [MESSAGE][PASSED] - Object: 'Object Repository/Amazon_Pages_HeaderButton_OR/Page_Amazon.in - Deals/a_Electronics' is clicked on

03-02-2024T10:53:07 - [TEST_STEP][PASSED] - click(findTestObject("Object Repository/Amazon_Pages_HeaderButton_OR/Page_Electronics Store Buy Electronics prod_1485cf/a_Customer Service")): Object: 'Object Repository/Amazon_Pages_HeaderButton_OR/Page_Electronics Store Buy Electronics prod_1485cf/a_Customer Service' is clicked on

03-02-2024T10:53:12 - [MESSAGE][PASSED] - Object: 'Object Repository/Amazon_Pages_HeaderButton_OR/Page_Electronics Store Buy Electronics prod_1485cf/a_Customer Service' is clicked on

03-02-2024T10:53:12 - [TEST_STEP][PASSED] - click(findTestObject("Object Repository/Amazon_Pages_HeaderButton_OR/Page_Help - Amazon Customer Service/a_New Releases")): Object: 'Object Repository/Amazon_Pages_HeaderButton_OR/Page_Help - Amazon Customer Service/a_New Releases' is clicked on

03-02-2024T10:53:17 - [MESSAGE][PASSED] - Object: 'Object Repository/Amazon_Pages_HeaderButton_OR/Page_Help - Amazon Customer Service/a_New Releases' is clicked on

03-02-2024T10:53:17 - [TEST_STEP][PASSED] - click(findTestObject("Object Repository/Amazon_Pages_HeaderButton_OR/Page_Amazon.in Hot New Releases The bestsel_0a911b/span_Prime")): Object: 'Object Repository/Amazon_Pages_HeaderButton_OR/Page_Amazon.in Hot New Releases The bestsel_0a911b/span_Prime' is clicked on

03-02-2024T10:53:20 - [MESSAGE][PASSED] - Object: 'Object Repository/Amazon_Pages_HeaderButton_OR/Page_Amazon.in Hot New Releases The bestsel_0a911b/span_Prime' is clicked on

03-02-2024T10:53:20 - [TEST_STEP][PASSED] - click(findTestObject("Object Repository/Amazon_Pages_HeaderButton_OR/Page_Gifts for Everyone  Amazon.in Gift Finder/a_Gift Ideas")): Object: 'Object Repository/Amazon_Pages_HeaderButton_OR/Page_Gifts for Everyone  Amazon.in Gift Finder/a_Gift Ideas' is clicked on

03-02-2024T10:53:23 - [MESSAGE][PASSED] - Object: 'Object Repository/Amazon_Pages_HeaderButton_OR/Page_Gifts for Everyone  Amazon.in Gift Finder/a_Gift Ideas' is clicked on

03-02-2024T10:53:23 - [TEST_STEP][PASSED] - closeBrowser(): Browser is closed

03-02-2024T10:53:23 - [MESSAGE][PASSED] - Browser is closed]]></system-out>
         <system-err><![CDATA[]]></system-err>
      </testcase>
      <system-out><![CDATA[03-02-2024T10:48:21 - [TEST_SUITE][PASSED] - Amazon_Basic_TS_SearchItem_002: Test Cases/Amazon_Test Case/Amazon_TC_HeaderButton_003]]></system-out>
      <system-err><![CDATA[]]></system-err>
   </testsuite>
</testsuites>
