<?xml version="1.0" encoding="UTF-8"?>
<testsuites name="Amazon_Dynamic_TS_SignIn_001" time="44.318" tests="2" failures="0" errors="0">
   <testsuite name="Amazon_Dynamic_TS_SignIn_001" tests="2" failures="0" errors="0" time="44.318" skipped="0" timestamp="28-01-2024T23:22:52" hostname="Lenovo - Durgesh" id="Test Suites/Amazon_Test_Suites/Amazon_Dynamic_TS_SignIn_001">
      <properties>
         <property name="deviceName" value=""/>
         <property name="devicePlatform" value=""/>
         <property name="logFolder" value="C:\\Users\\Lenovo\\git\\Katalon_Automation_Testing_SB_Amazon\\Reports\\20240128_232247\\Amazon_Test_Suites\\Amazon_Dynamic_TS_SignIn_001\\20240128_232247"/>
         <property name="logFiles" value="C:\\Users\\Lenovo\\git\\Katalon_Automation_Testing_SB_Amazon\\Reports\\20240128_232247\\Amazon_Test_Suites\\Amazon_Dynamic_TS_SignIn_001\\20240128_232247\\execution0.log"/>
         <property name="attachments" value=""/>
         <property name="hostName" value="Lenovo - Durgesh"/>
         <property name="os" value="Windows 11 64bit"/>
         <property name="katalonVersion" value="9.2.0.212"/>
         <property name="browser" value="Edge Chromium 121"/>
         <property name="hostAddress" value="192.168.1.10"/>
         <property name="sessionId" value="23fb78ab09ca9457e89e52cc827ee830"/>
         <property name="seleniumVersion" value="3.141.59"/>
         <property name="proxyInformation" value="ProxyInformation { proxyOption=NO_PROXY, proxyServerType=HTTP, username=, password=********, proxyServerAddress=, proxyServerPort=0, executionList=&quot;&quot;, isApplyToDesiredCapabilities=true }"/>
         <property name="platform" value="Windows 11"/>
      </properties>
      <testcase name="Test Cases/Amazon_Test Case/Amazon_TC_SearchItem_002" time="30.105" classname="Test Cases/Amazon_Test Case/Amazon_TC_SearchItem_002" status="PASSED">
         <system-out><![CDATA[28-01-2024T23:22:52 - [TEST_CASE][PASSED] - Test Cases/Amazon_Test Case/Amazon_TC_SearchItem_002: Test Cases/Amazon_Test Case/Amazon_TC_SearchItem_002

28-01-2024T23:22:52 - [TEST_STEP][PASSED] - Start listener action : onTestCaseStrat: null

28-01-2024T23:22:52 - [TEST_STEP][PASSED] - println("
 I am inside onTestCaseStrat Function"): null

28-01-2024T23:22:52 - [TEST_STEP][PASSED] - openBrowser(""): Browser is opened with url: ''

28-01-2024T23:22:53 - [MESSAGE][INFO] - Starting 'Edge Chromium' driver

28-01-2024T23:22:55 - [MESSAGE][INFO] - Action delay is set to 0 milliseconds

28-01-2024T23:22:56 - [MESSAGE][PASSED] - Browser is opened with url: ''

28-01-2024T23:22:56 - [TEST_STEP][PASSED] - navigateToUrl("https://www.amazon.com/"): Navigate to 'https://www.amazon.com/' successfully

28-01-2024T23:22:59 - [MESSAGE][PASSED] - Navigate to 'https://www.amazon.com/' successfully

28-01-2024T23:22:59 - [TEST_STEP][PASSED] - selectOptionByValue(findTestObject("Object Repository/Amazon_Pages_SearchItem_OR/Page_Amazon.com. Spend less. Smile more/select_All Departments        Arts  Crafts _135c92"), "search-alias=stripbooks-intl-ship", true): All options with value 'search-alias=stripbooks-intl-ship' are selected in object 'Object Repository/Amazon_Pages_SearchItem_OR/Page_Amazon.com. Spend less. Smile more/select_All Departments        Arts  Crafts _135c92'  using regular expression

28-01-2024T23:23:01 - [MESSAGE][PASSED] - All options with value 'search-alias=stripbooks-intl-ship' are selected in object 'Object Repository/Amazon_Pages_SearchItem_OR/Page_Amazon.com. Spend less. Smile more/select_All Departments        Arts  Crafts _135c92'  using regular expression

28-01-2024T23:23:01 - [TEST_STEP][PASSED] - setText(findTestObject("Object Repository/Amazon_Pages_SearchItem_OR/Page_Amazon.com. Spend less. Smile more/input_field-keywords"), "Da vinci code"): Text 'Da vinci code' is set on object 'Object Repository/Amazon_Pages_SearchItem_OR/Page_Amazon.com. Spend less. Smile more/input_field-keywords'

28-01-2024T23:23:03 - [MESSAGE][PASSED] - Text 'Da vinci code' is set on object 'Object Repository/Amazon_Pages_SearchItem_OR/Page_Amazon.com. Spend less. Smile more/input_field-keywords'

28-01-2024T23:23:03 - [TEST_STEP][PASSED] - click(findTestObject("Object Repository/Amazon_Pages_SearchItem_OR/Page_Amazon.com. Spend less. Smile more/inputnav-search-submit-button")): Object: 'Object Repository/Amazon_Pages_SearchItem_OR/Page_Amazon.com. Spend less. Smile more/inputnav-search-submit-button' is clicked on

28-01-2024T23:23:06 - [MESSAGE][PASSED] - Object: 'Object Repository/Amazon_Pages_SearchItem_OR/Page_Amazon.com. Spend less. Smile more/inputnav-search-submit-button' is clicked on

28-01-2024T23:23:06 - [TEST_STEP][PASSED] - selectOptionByValue(findTestObject("Object Repository/Amazon_Pages_SearchItem_OR/Page_Amazon.com  Da vinci code/select_All Departments        Arts  Crafts _135c92"), "search-alias=electronics-intl-ship", true): All options with value 'search-alias=electronics-intl-ship' are selected in object 'Object Repository/Amazon_Pages_SearchItem_OR/Page_Amazon.com  Da vinci code/select_All Departments        Arts  Crafts _135c92'  using regular expression

28-01-2024T23:23:08 - [MESSAGE][PASSED] - All options with value 'search-alias=electronics-intl-ship' are selected in object 'Object Repository/Amazon_Pages_SearchItem_OR/Page_Amazon.com  Da vinci code/select_All Departments        Arts  Crafts _135c92'  using regular expression

28-01-2024T23:23:08 - [TEST_STEP][PASSED] - setText(findTestObject("Object Repository/Amazon_Pages_SearchItem_OR/Page_Amazon.com  Da vinci code/input_field-keywords"), "Laptop"): Text 'Laptop' is set on object 'Object Repository/Amazon_Pages_SearchItem_OR/Page_Amazon.com  Da vinci code/input_field-keywords'

28-01-2024T23:23:09 - [MESSAGE][PASSED] - Text 'Laptop' is set on object 'Object Repository/Amazon_Pages_SearchItem_OR/Page_Amazon.com  Da vinci code/input_field-keywords'

28-01-2024T23:23:09 - [TEST_STEP][PASSED] - click(findTestObject("Object Repository/Amazon_Pages_SearchItem_OR/Page_Amazon.com  Da vinci code/inputnav-search-submit-button")): Object: 'Object Repository/Amazon_Pages_SearchItem_OR/Page_Amazon.com  Da vinci code/inputnav-search-submit-button' is clicked on

28-01-2024T23:23:14 - [MESSAGE][PASSED] - Object: 'Object Repository/Amazon_Pages_SearchItem_OR/Page_Amazon.com  Da vinci code/inputnav-search-submit-button' is clicked on

28-01-2024T23:23:14 - [TEST_STEP][PASSED] - selectOptionByValue(findTestObject("Object Repository/Amazon_Pages_SearchItem_OR/Page_Amazon.com  Laptop/select_Electronics        All Departments  _28d51a"), "search-alias=kitchen-intl-ship", true): All options with value 'search-alias=kitchen-intl-ship' are selected in object 'Object Repository/Amazon_Pages_SearchItem_OR/Page_Amazon.com  Laptop/select_Electronics        All Departments  _28d51a'  using regular expression

28-01-2024T23:23:17 - [MESSAGE][PASSED] - All options with value 'search-alias=kitchen-intl-ship' are selected in object 'Object Repository/Amazon_Pages_SearchItem_OR/Page_Amazon.com  Laptop/select_Electronics        All Departments  _28d51a'  using regular expression

28-01-2024T23:23:17 - [TEST_STEP][PASSED] - setText(findTestObject("Object Repository/Amazon_Pages_SearchItem_OR/Page_Amazon.com  Laptop/input_field-keywords"), "washing machine "): Text 'washing machine ' is set on object 'Object Repository/Amazon_Pages_SearchItem_OR/Page_Amazon.com  Laptop/input_field-keywords'

28-01-2024T23:23:18 - [MESSAGE][PASSED] - Text 'washing machine ' is set on object 'Object Repository/Amazon_Pages_SearchItem_OR/Page_Amazon.com  Laptop/input_field-keywords'

28-01-2024T23:23:18 - [TEST_STEP][PASSED] - click(findTestObject("Object Repository/Amazon_Pages_SearchItem_OR/Page_Amazon.com  Laptop/inputnav-search-submit-button")): Object: 'Object Repository/Amazon_Pages_SearchItem_OR/Page_Amazon.com  Laptop/inputnav-search-submit-button' is clicked on

28-01-2024T23:23:22 - [MESSAGE][PASSED] - Object: 'Object Repository/Amazon_Pages_SearchItem_OR/Page_Amazon.com  Laptop/inputnav-search-submit-button' is clicked on

28-01-2024T23:23:22 - [TEST_STEP][PASSED] - closeBrowser(): Browser is closed

28-01-2024T23:23:22 - [MESSAGE][PASSED] - Browser is closed

28-01-2024T23:23:22 - [TEST_STEP][PASSED] - Start listener action : sampleAfterTestCase: null

28-01-2024T23:23:22 - [TEST_STEP][PASSED] - println("
 I am inside sampleAfterTestCase Function"): null]]></system-out>
         <system-err><![CDATA[]]></system-err>
      </testcase>
      <testcase name="Test Cases/Amazon_Test Case/Amazon_TC_SignIn_001" time="13.9" classname="Test Cases/Amazon_Test Case/Amazon_TC_SignIn_001" status="PASSED">
         <system-out><![CDATA[28-01-2024T23:23:22 - [TEST_CASE][PASSED] - Test Cases/Amazon_Test Case/Amazon_TC_SignIn_001: Test Cases/Amazon_Test Case/Amazon_TC_SignIn_001

28-01-2024T23:23:22 - [TEST_STEP][PASSED] - Start listener action : onTestCaseStrat: null

28-01-2024T23:23:22 - [TEST_STEP][PASSED] - println("
 I am inside onTestCaseStrat Function"): null

28-01-2024T23:23:22 - [TEST_STEP][PASSED] - openBrowser(""): Browser is opened with url: ''

28-01-2024T23:23:22 - [MESSAGE][INFO] - Starting 'Edge Chromium' driver

28-01-2024T23:23:24 - [MESSAGE][INFO] - Action delay is set to 0 milliseconds

28-01-2024T23:23:25 - [MESSAGE][PASSED] - Browser is opened with url: ''

28-01-2024T23:23:25 - [TEST_STEP][PASSED] - navigateToUrl("https://www.amazon.com/"): Navigate to 'https://www.amazon.com/' successfully

28-01-2024T23:23:29 - [MESSAGE][PASSED] - Navigate to 'https://www.amazon.com/' successfully

28-01-2024T23:23:29 - [TEST_STEP][PASSED] - click(findTestObject("Object Repository/Amazon_Pages_SignIn_OR/Page_Amazon.com. Spend less. Smile more/span_Sign in")): Object: 'Object Repository/Amazon_Pages_SignIn_OR/Page_Amazon.com. Spend less. Smile more/span_Sign in' is clicked on

28-01-2024T23:23:31 - [MESSAGE][PASSED] - Object: 'Object Repository/Amazon_Pages_SignIn_OR/Page_Amazon.com. Spend less. Smile more/span_Sign in' is clicked on

28-01-2024T23:23:31 - [TEST_STEP][PASSED] - setText(findTestObject("Object Repository/Amazon_Pages_SignIn_OR/Page_Amazon Sign-In/input_email"), "durgeshkumar778080@gmail.com"): Text 'durgeshkumar778080@gmail.com' is set on object 'Object Repository/Amazon_Pages_SignIn_OR/Page_Amazon Sign-In/input_email'

28-01-2024T23:23:32 - [MESSAGE][PASSED] - Text 'durgeshkumar778080@gmail.com' is set on object 'Object Repository/Amazon_Pages_SignIn_OR/Page_Amazon Sign-In/input_email'

28-01-2024T23:23:32 - [TEST_STEP][PASSED] - click(findTestObject("Object Repository/Amazon_Pages_SignIn_OR/Page_Amazon Sign-In/inputcontinue")): Object: 'Object Repository/Amazon_Pages_SignIn_OR/Page_Amazon Sign-In/inputcontinue' is clicked on

28-01-2024T23:23:35 - [MESSAGE][PASSED] - Object: 'Object Repository/Amazon_Pages_SignIn_OR/Page_Amazon Sign-In/inputcontinue' is clicked on

28-01-2024T23:23:35 - [TEST_STEP][PASSED] - setEncryptedText(findTestObject("Object Repository/Amazon_Pages_SignIn_OR/Page_Amazon Sign-In/input_password"), "wyzziq9mVWQjeLthOCNz3A=="): Text ****** has been set on object 'Object Repository/Amazon_Pages_SignIn_OR/Page_Amazon Sign-In/input_password'

28-01-2024T23:23:36 - [MESSAGE][PASSED] - Text ****** has been set on object 'Object Repository/Amazon_Pages_SignIn_OR/Page_Amazon Sign-In/input_password'

28-01-2024T23:23:36 - [TEST_STEP][PASSED] - click(findTestObject("Object Repository/Amazon_Pages_SignIn_OR/Page_Amazon Sign-In/inputsignInSubmit")): Object: 'Object Repository/Amazon_Pages_SignIn_OR/Page_Amazon Sign-In/inputsignInSubmit' is clicked on

28-01-2024T23:23:36 - [MESSAGE][PASSED] - Object: 'Object Repository/Amazon_Pages_SignIn_OR/Page_Amazon Sign-In/inputsignInSubmit' is clicked on

28-01-2024T23:23:36 - [TEST_STEP][PASSED] - closeBrowser(): Browser is closed

28-01-2024T23:23:36 - [MESSAGE][PASSED] - Browser is closed

28-01-2024T23:23:36 - [TEST_STEP][PASSED] - Start listener action : sampleAfterTestCase: null

28-01-2024T23:23:36 - [TEST_STEP][PASSED] - println("
 I am inside sampleAfterTestCase Function"): null]]></system-out>
         <system-err><![CDATA[]]></system-err>
      </testcase>
      <system-out><![CDATA[28-01-2024T23:22:52 - [TEST_SUITE][PASSED] - Amazon_Dynamic_TS_SignIn_001: Test Cases/Amazon_Test Case/Amazon_TC_SignIn_001]]></system-out>
      <system-err><![CDATA[]]></system-err>
   </testsuite>
</testsuites>
