<?xml version="1.0" encoding="UTF-8"?>
<testsuites name="Amazon_FooterLinks_SetUp_TearDown_TS_004" time="0.593" tests="1" failures="0" errors="0">
   <testsuite name="Amazon_FooterLinks_SetUp_TearDown_TS_004" tests="1" failures="0" errors="0" time="0.593" skipped="0" timestamp="30-01-2024T12:48:51" hostname="Lenovo - Durgesh" id="Test Suites/Amazon_SetUp_TearDown_Test suites/Amazon_FooterLinks_SetUp_TearDown_TS_004">
      <properties>
         <property name="deviceName" value=""/>
         <property name="devicePlatform" value=""/>
         <property name="logFolder" value="C:\\Users\\Lenovo\\git\\Katalon_Automation_Testing_SB_Amazon\\Reports\\20240130_124845\\Amazon_SetUp_TearDown_Test suites\\Amazon_FooterLinks_SetUp_TearDown_TS_004\\20240130_124845"/>
         <property name="logFiles" value="C:\\Users\\Lenovo\\git\\Katalon_Automation_Testing_SB_Amazon\\Reports\\20240130_124845\\Amazon_SetUp_TearDown_Test suites\\Amazon_FooterLinks_SetUp_TearDown_TS_004\\20240130_124845\\execution0.log"/>
         <property name="attachments" value=""/>
         <property name="hostName" value="Lenovo - Durgesh"/>
         <property name="hostAddress" value="192.168.43.195"/>
         <property name="os" value="Windows 11 64bit"/>
         <property name="katalonVersion" value="9.2.0.212"/>
      </properties>
      <testcase name="Test Cases/Amazon_SetUp_Teardown/Test_004" time="0.11" classname="Test Cases/Amazon_SetUp_Teardown/Test_004" status="PASSED">
         <system-out><![CDATA[30-01-2024T12:48:51 - [TEST_CASE][PASSED] - Test Cases/Amazon_SetUp_Teardown/Test_004: Test Cases/Amazon_SetUp_Teardown/Test_004

30-01-2024T12:48:51 - [TEST_STEP][PASSED] - println("
 I am inside Test_004"): null]]></system-out>
         <system-err><![CDATA[]]></system-err>
      </testcase>
      <system-out><![CDATA[30-01-2024T12:48:51 - [TEST_SUITE][PASSED] - Amazon_FooterLinks_SetUp_TearDown_TS_004: Test Cases/Amazon_SetUp_Teardown/Test_004]]></system-out>
      <system-err><![CDATA[]]></system-err>
   </testsuite>
</testsuites>
