<?xml version="1.0" encoding="UTF-8"?>
<testsuites name="Amazon_Test suite_Listener_002" time="0.511" tests="1" failures="0" errors="0">
   <testsuite name="Amazon_Test suite_Listener_002" tests="1" failures="0" errors="0" time="0.511" skipped="0" timestamp="28-01-2024T22:22:40" hostname="Lenovo - Durgesh" id="Test Suites/Test Suite_Listner/Amazon_Test suite_Listener_002">
      <properties>
         <property name="deviceName" value=""/>
         <property name="devicePlatform" value=""/>
         <property name="logFolder" value="C:\\Users\\Lenovo\\git\\Katalon_Automation_Testing_SB_Amazon\\Reports\\20240128_222235\\Test Suite_Listner\\Amazon_Test suite_Listener_002\\20240128_222235"/>
         <property name="logFiles" value="C:\\Users\\Lenovo\\git\\Katalon_Automation_Testing_SB_Amazon\\Reports\\20240128_222235\\Test Suite_Listner\\Amazon_Test suite_Listener_002\\20240128_222235\\execution0.log"/>
         <property name="attachments" value=""/>
         <property name="hostName" value="Lenovo - Durgesh"/>
         <property name="hostAddress" value="192.168.1.10"/>
         <property name="os" value="Windows 11 64bit"/>
         <property name="katalonVersion" value="9.2.0.212"/>
      </properties>
      <testcase name="Test Cases/Amazon Test Listener/Test_002" time="0.173" classname="Test Cases/Amazon Test Listener/Test_002" status="PASSED">
         <system-out><![CDATA[28-01-2024T22:22:40 - [TEST_CASE][PASSED] - Test Cases/Amazon Test Listener/Test_002: Test Cases/Amazon Test Listener/Test_002

28-01-2024T22:22:40 - [TEST_STEP][PASSED] - Start listener action : onTestCaseStrat: null

28-01-2024T22:22:40 - [TEST_STEP][PASSED] - println("
 I am inside onTestCaseStrat Function"): null

28-01-2024T22:22:40 - [TEST_STEP][PASSED] - println(" 
 I am inside Test_002"): null

28-01-2024T22:22:40 - [TEST_STEP][PASSED] - Start listener action : sampleAfterTestCase: null

28-01-2024T22:22:40 - [TEST_STEP][PASSED] - println("
 I am inside sampleAfterTestCase Function"): null]]></system-out>
         <system-err><![CDATA[]]></system-err>
      </testcase>
      <system-out><![CDATA[28-01-2024T22:22:40 - [TEST_SUITE][PASSED] - Amazon_Test suite_Listener_002: Test Cases/Amazon Test Listener/Test_002]]></system-out>
      <system-err><![CDATA[]]></system-err>
   </testsuite>
</testsuites>
