<?xml version="1.0" encoding="UTF-8"?>
<testsuites name="Amazon_SignIn_TS_Collection_001" time="56.243" tests="2" failures="0" errors="0">
   <testsuite name="Amazon_Basic_TS_SignIn_001" tests="1" failures="0" errors="0" time="14.889" skipped="0" timestamp="28-01-2024T23:14:04" hostname="Lenovo - Durgesh" id="Test Suites/Amazon_Test_Suites/Amazon_Basic_TS_SignIn_001">
      <properties>
         <property name="deviceName" value=""/>
         <property name="devicePlatform" value=""/>
         <property name="logFolder" value="C:\\Users\\Lenovo\\git\\Katalon_Automation_Testing_SB_Amazon\\Reports\\20240128_231354\\Amazon_Test_Suites\\Amazon_Basic_TS_SignIn_001\\20240128_231355"/>
         <property name="logFiles" value="C:\\Users\\Lenovo\\git\\Katalon_Automation_Testing_SB_Amazon\\Reports\\20240128_231354\\Amazon_Test_Suites\\Amazon_Basic_TS_SignIn_001\\20240128_231355\\execution0.log"/>
         <property name="attachments" value=""/>
         <property name="hostName" value="Lenovo - Durgesh"/>
         <property name="os" value="Windows 11 64bit"/>
         <property name="katalonVersion" value="9.2.0.212"/>
         <property name="browser" value="Chrome 121.0.0.0"/>
         <property name="hostAddress" value="192.168.1.10"/>
         <property name="sessionId" value="16b98d8aa12fb7c2b51d6183f301e928"/>
         <property name="seleniumVersion" value="3.141.59"/>
         <property name="proxyInformation" value="ProxyInformation { proxyOption=NO_PROXY, proxyServerType=HTTP, username=, password=********, proxyServerAddress=, proxyServerPort=0, executionList=&quot;&quot;, isApplyToDesiredCapabilities=true }"/>
         <property name="platform" value="Windows 11"/>
      </properties>
      <testcase name="Test Cases/Amazon_Test Case/Amazon_TC_SignIn_001" time="14.568" classname="Test Cases/Amazon_Test Case/Amazon_TC_SignIn_001" status="PASSED">
         <system-out><![CDATA[28-01-2024T23:14:04 - [TEST_CASE][PASSED] - Test Cases/Amazon_Test Case/Amazon_TC_SignIn_001: Test Cases/Amazon_Test Case/Amazon_TC_SignIn_001

28-01-2024T23:14:04 - [TEST_STEP][PASSED] - Start listener action : onTestCaseStrat: null

28-01-2024T23:14:04 - [TEST_STEP][PASSED] - println("
 I am inside onTestCaseStrat Function"): null

28-01-2024T23:14:04 - [TEST_STEP][PASSED] - openBrowser(""): Browser is opened with url: ''

28-01-2024T23:14:05 - [MESSAGE][INFO] - Starting 'Chrome' driver

28-01-2024T23:14:05 - [MESSAGE][INFO] - Action delay is set to 0 milliseconds

28-01-2024T23:14:06 - [MESSAGE][PASSED] - Browser is opened with url: ''

28-01-2024T23:14:06 - [TEST_STEP][PASSED] - navigateToUrl("https://www.amazon.com/"): Navigate to 'https://www.amazon.com/' successfully

28-01-2024T23:14:09 - [MESSAGE][PASSED] - Navigate to 'https://www.amazon.com/' successfully

28-01-2024T23:14:09 - [TEST_STEP][PASSED] - click(findTestObject("Object Repository/Amazon_Pages_SignIn_OR/Page_Amazon.com. Spend less. Smile more/span_Sign in")): Object: 'Object Repository/Amazon_Pages_SignIn_OR/Page_Amazon.com. Spend less. Smile more/span_Sign in' is clicked on

28-01-2024T23:14:12 - [MESSAGE][PASSED] - Object: 'Object Repository/Amazon_Pages_SignIn_OR/Page_Amazon.com. Spend less. Smile more/span_Sign in' is clicked on

28-01-2024T23:14:12 - [TEST_STEP][PASSED] - setText(findTestObject("Object Repository/Amazon_Pages_SignIn_OR/Page_Amazon Sign-In/input_email"), "durgeshkumar778080@gmail.com"): Text 'durgeshkumar778080@gmail.com' is set on object 'Object Repository/Amazon_Pages_SignIn_OR/Page_Amazon Sign-In/input_email'

28-01-2024T23:14:14 - [MESSAGE][PASSED] - Text 'durgeshkumar778080@gmail.com' is set on object 'Object Repository/Amazon_Pages_SignIn_OR/Page_Amazon Sign-In/input_email'

28-01-2024T23:14:14 - [TEST_STEP][PASSED] - click(findTestObject("Object Repository/Amazon_Pages_SignIn_OR/Page_Amazon Sign-In/inputcontinue")): Object: 'Object Repository/Amazon_Pages_SignIn_OR/Page_Amazon Sign-In/inputcontinue' is clicked on

28-01-2024T23:14:16 - [MESSAGE][PASSED] - Object: 'Object Repository/Amazon_Pages_SignIn_OR/Page_Amazon Sign-In/inputcontinue' is clicked on

28-01-2024T23:14:16 - [TEST_STEP][PASSED] - setEncryptedText(findTestObject("Object Repository/Amazon_Pages_SignIn_OR/Page_Amazon Sign-In/input_password"), "wyzziq9mVWQjeLthOCNz3A=="): Text ****** has been set on object 'Object Repository/Amazon_Pages_SignIn_OR/Page_Amazon Sign-In/input_password'

28-01-2024T23:14:18 - [MESSAGE][PASSED] - Text ****** has been set on object 'Object Repository/Amazon_Pages_SignIn_OR/Page_Amazon Sign-In/input_password'

28-01-2024T23:14:18 - [TEST_STEP][PASSED] - click(findTestObject("Object Repository/Amazon_Pages_SignIn_OR/Page_Amazon Sign-In/inputsignInSubmit")): Object: 'Object Repository/Amazon_Pages_SignIn_OR/Page_Amazon Sign-In/inputsignInSubmit' is clicked on

28-01-2024T23:14:18 - [MESSAGE][PASSED] - Object: 'Object Repository/Amazon_Pages_SignIn_OR/Page_Amazon Sign-In/inputsignInSubmit' is clicked on

28-01-2024T23:14:18 - [TEST_STEP][PASSED] - closeBrowser(): Browser is closed

28-01-2024T23:14:19 - [MESSAGE][PASSED] - Browser is closed

28-01-2024T23:14:19 - [TEST_STEP][PASSED] - Start listener action : sampleAfterTestCase: null

28-01-2024T23:14:19 - [TEST_STEP][PASSED] - println("
 I am inside sampleAfterTestCase Function"): null]]></system-out>
         <system-err><![CDATA[]]></system-err>
      </testcase>
      <system-out><![CDATA[28-01-2024T23:14:04 - [TEST_SUITE][PASSED] - Amazon_Basic_TS_SignIn_001: Test Cases/Amazon_Test Case/Amazon_TC_SignIn_001]]></system-out>
      <system-err><![CDATA[]]></system-err>
   </testsuite>
   <testsuite name="Amazon_Basic_TS_Searchitem_002" tests="1" failures="0" errors="0" time="30.491" skipped="0" timestamp="28-01-2024T23:14:24" hostname="Lenovo - Durgesh" id="Test Suites/Amazon_Test_Suites/Amazon_Basic_TS_Searchitem_002">
      <properties>
         <property name="deviceName" value=""/>
         <property name="devicePlatform" value=""/>
         <property name="logFolder" value="C:\\Users\\Lenovo\\git\\Katalon_Automation_Testing_SB_Amazon\\Reports\\20240128_231354\\Amazon_Test_Suites\\Amazon_Basic_TS_Searchitem_002\\20240128_231357"/>
         <property name="logFiles" value="C:\\Users\\Lenovo\\git\\Katalon_Automation_Testing_SB_Amazon\\Reports\\20240128_231354\\Amazon_Test_Suites\\Amazon_Basic_TS_Searchitem_002\\20240128_231357\\execution0.log"/>
         <property name="attachments" value=""/>
         <property name="hostName" value="Lenovo - Durgesh"/>
         <property name="os" value="Windows 11 64bit"/>
         <property name="katalonVersion" value="9.2.0.212"/>
         <property name="browser" value="Edge Chromium 121"/>
         <property name="hostAddress" value="192.168.1.10"/>
         <property name="sessionId" value="a2f9fb43f6fbe02aa6f77d2069bbd595"/>
         <property name="seleniumVersion" value="3.141.59"/>
         <property name="proxyInformation" value="ProxyInformation { proxyOption=NO_PROXY, proxyServerType=HTTP, username=, password=********, proxyServerAddress=, proxyServerPort=0, executionList=&quot;&quot;, isApplyToDesiredCapabilities=true }"/>
         <property name="platform" value="Windows 11"/>
      </properties>
      <testcase name="Test Cases/Amazon_Test Case/Amazon_TC_SearchItem_002" time="30.231" classname="Test Cases/Amazon_Test Case/Amazon_TC_SearchItem_002" status="PASSED">
         <system-out><![CDATA[28-01-2024T23:14:24 - [TEST_CASE][PASSED] - Test Cases/Amazon_Test Case/Amazon_TC_SearchItem_002: Test Cases/Amazon_Test Case/Amazon_TC_SearchItem_002

28-01-2024T23:14:24 - [TEST_STEP][PASSED] - Start listener action : onTestCaseStrat: null

28-01-2024T23:14:24 - [TEST_STEP][PASSED] - println("
 I am inside onTestCaseStrat Function"): null

28-01-2024T23:14:24 - [TEST_STEP][PASSED] - openBrowser(""): Browser is opened with url: ''

28-01-2024T23:14:25 - [MESSAGE][INFO] - Starting 'Edge Chromium' driver

28-01-2024T23:14:25 - [MESSAGE][INFO] - Action delay is set to 0 milliseconds

28-01-2024T23:14:27 - [MESSAGE][PASSED] - Browser is opened with url: ''

28-01-2024T23:14:27 - [TEST_STEP][PASSED] - navigateToUrl("https://www.amazon.com/"): Navigate to 'https://www.amazon.com/' successfully

28-01-2024T23:14:29 - [MESSAGE][PASSED] - Navigate to 'https://www.amazon.com/' successfully

28-01-2024T23:14:29 - [TEST_STEP][PASSED] - selectOptionByValue(findTestObject("Object Repository/Amazon_Pages_SearchItem_OR/Page_Amazon.com. Spend less. Smile more/select_All Departments        Arts  Crafts _135c92"), "search-alias=stripbooks-intl-ship", true): All options with value 'search-alias=stripbooks-intl-ship' are selected in object 'Object Repository/Amazon_Pages_SearchItem_OR/Page_Amazon.com. Spend less. Smile more/select_All Departments        Arts  Crafts _135c92'  using regular expression

28-01-2024T23:14:31 - [MESSAGE][PASSED] - All options with value 'search-alias=stripbooks-intl-ship' are selected in object 'Object Repository/Amazon_Pages_SearchItem_OR/Page_Amazon.com. Spend less. Smile more/select_All Departments        Arts  Crafts _135c92'  using regular expression

28-01-2024T23:14:31 - [TEST_STEP][PASSED] - setText(findTestObject("Object Repository/Amazon_Pages_SearchItem_OR/Page_Amazon.com. Spend less. Smile more/input_field-keywords"), "Da vinci code"): Text 'Da vinci code' is set on object 'Object Repository/Amazon_Pages_SearchItem_OR/Page_Amazon.com. Spend less. Smile more/input_field-keywords'

28-01-2024T23:14:33 - [MESSAGE][PASSED] - Text 'Da vinci code' is set on object 'Object Repository/Amazon_Pages_SearchItem_OR/Page_Amazon.com. Spend less. Smile more/input_field-keywords'

28-01-2024T23:14:33 - [TEST_STEP][PASSED] - click(findTestObject("Object Repository/Amazon_Pages_SearchItem_OR/Page_Amazon.com. Spend less. Smile more/inputnav-search-submit-button")): Object: 'Object Repository/Amazon_Pages_SearchItem_OR/Page_Amazon.com. Spend less. Smile more/inputnav-search-submit-button' is clicked on

28-01-2024T23:14:36 - [MESSAGE][PASSED] - Object: 'Object Repository/Amazon_Pages_SearchItem_OR/Page_Amazon.com. Spend less. Smile more/inputnav-search-submit-button' is clicked on

28-01-2024T23:14:36 - [TEST_STEP][PASSED] - selectOptionByValue(findTestObject("Object Repository/Amazon_Pages_SearchItem_OR/Page_Amazon.com  Da vinci code/select_All Departments        Arts  Crafts _135c92"), "search-alias=electronics-intl-ship", true): All options with value 'search-alias=electronics-intl-ship' are selected in object 'Object Repository/Amazon_Pages_SearchItem_OR/Page_Amazon.com  Da vinci code/select_All Departments        Arts  Crafts _135c92'  using regular expression

28-01-2024T23:14:38 - [MESSAGE][PASSED] - All options with value 'search-alias=electronics-intl-ship' are selected in object 'Object Repository/Amazon_Pages_SearchItem_OR/Page_Amazon.com  Da vinci code/select_All Departments        Arts  Crafts _135c92'  using regular expression

28-01-2024T23:14:38 - [TEST_STEP][PASSED] - setText(findTestObject("Object Repository/Amazon_Pages_SearchItem_OR/Page_Amazon.com  Da vinci code/input_field-keywords"), "Laptop"): Text 'Laptop' is set on object 'Object Repository/Amazon_Pages_SearchItem_OR/Page_Amazon.com  Da vinci code/input_field-keywords'

28-01-2024T23:14:40 - [MESSAGE][PASSED] - Text 'Laptop' is set on object 'Object Repository/Amazon_Pages_SearchItem_OR/Page_Amazon.com  Da vinci code/input_field-keywords'

28-01-2024T23:14:40 - [TEST_STEP][PASSED] - click(findTestObject("Object Repository/Amazon_Pages_SearchItem_OR/Page_Amazon.com  Da vinci code/inputnav-search-submit-button")): Object: 'Object Repository/Amazon_Pages_SearchItem_OR/Page_Amazon.com  Da vinci code/inputnav-search-submit-button' is clicked on

28-01-2024T23:14:46 - [MESSAGE][PASSED] - Object: 'Object Repository/Amazon_Pages_SearchItem_OR/Page_Amazon.com  Da vinci code/inputnav-search-submit-button' is clicked on

28-01-2024T23:14:46 - [TEST_STEP][PASSED] - selectOptionByValue(findTestObject("Object Repository/Amazon_Pages_SearchItem_OR/Page_Amazon.com  Laptop/select_Electronics        All Departments  _28d51a"), "search-alias=kitchen-intl-ship", true): All options with value 'search-alias=kitchen-intl-ship' are selected in object 'Object Repository/Amazon_Pages_SearchItem_OR/Page_Amazon.com  Laptop/select_Electronics        All Departments  _28d51a'  using regular expression

28-01-2024T23:14:49 - [MESSAGE][PASSED] - All options with value 'search-alias=kitchen-intl-ship' are selected in object 'Object Repository/Amazon_Pages_SearchItem_OR/Page_Amazon.com  Laptop/select_Electronics        All Departments  _28d51a'  using regular expression

28-01-2024T23:14:49 - [TEST_STEP][PASSED] - setText(findTestObject("Object Repository/Amazon_Pages_SearchItem_OR/Page_Amazon.com  Laptop/input_field-keywords"), "washing machine "): Text 'washing machine ' is set on object 'Object Repository/Amazon_Pages_SearchItem_OR/Page_Amazon.com  Laptop/input_field-keywords'

28-01-2024T23:14:51 - [MESSAGE][PASSED] - Text 'washing machine ' is set on object 'Object Repository/Amazon_Pages_SearchItem_OR/Page_Amazon.com  Laptop/input_field-keywords'

28-01-2024T23:14:51 - [TEST_STEP][PASSED] - click(findTestObject("Object Repository/Amazon_Pages_SearchItem_OR/Page_Amazon.com  Laptop/inputnav-search-submit-button")): Object: 'Object Repository/Amazon_Pages_SearchItem_OR/Page_Amazon.com  Laptop/inputnav-search-submit-button' is clicked on

28-01-2024T23:14:54 - [MESSAGE][PASSED] - Object: 'Object Repository/Amazon_Pages_SearchItem_OR/Page_Amazon.com  Laptop/inputnav-search-submit-button' is clicked on

28-01-2024T23:14:54 - [TEST_STEP][PASSED] - closeBrowser(): Browser is closed

28-01-2024T23:14:54 - [MESSAGE][PASSED] - Browser is closed

28-01-2024T23:14:54 - [TEST_STEP][PASSED] - Start listener action : sampleAfterTestCase: null

28-01-2024T23:14:54 - [TEST_STEP][PASSED] - println("
 I am inside sampleAfterTestCase Function"): null]]></system-out>
         <system-err><![CDATA[]]></system-err>
      </testcase>
      <system-out><![CDATA[28-01-2024T23:14:24 - [TEST_SUITE][PASSED] - Amazon_Basic_TS_Searchitem_002: Test Cases/Amazon_Test Case/Amazon_TC_SearchItem_002]]></system-out>
      <system-err><![CDATA[]]></system-err>
   </testsuite>
</testsuites>
