<?xml version="1.0" encoding="UTF-8"?>
<testsuites name="Amazon_Searchitem_SetUp_TearDown_Test Suite_002" time="0.602" tests="1" failures="0" errors="0">
   <testsuite name="Amazon_Searchitem_SetUp_TearDown_Test Suite_002" tests="1" failures="0" errors="0" time="0.602" skipped="0" timestamp="30-01-2024T12:39:35" hostname="Lenovo - Durgesh" id="Test Suites/Amazon_SetUp_TearDown_Test suites/Amazon_Searchitem_SetUp_TearDown_Test Suite_002">
      <properties>
         <property name="deviceName" value=""/>
         <property name="devicePlatform" value=""/>
         <property name="logFolder" value="C:\\Users\\Lenovo\\git\\Katalon_Automation_Testing_SB_Amazon\\Reports\\20240130_123925\\Amazon_SetUp_TearDown_Test suites\\Amazon_Searchitem_SetUp_TearDown_Test Suite_002\\20240130_123925"/>
         <property name="logFiles" value="C:\\Users\\Lenovo\\git\\Katalon_Automation_Testing_SB_Amazon\\Reports\\20240130_123925\\Amazon_SetUp_TearDown_Test suites\\Amazon_Searchitem_SetUp_TearDown_Test Suite_002\\20240130_123925\\execution0.log"/>
         <property name="attachments" value=""/>
         <property name="hostName" value="Lenovo - Durgesh"/>
         <property name="hostAddress" value="192.168.43.195"/>
         <property name="os" value="Windows 11 64bit"/>
         <property name="katalonVersion" value="9.2.0.212"/>
      </properties>
      <testcase name="Test Cases/Amazon_SetUp_Teardown/Test_002" time="0.115" classname="Test Cases/Amazon_SetUp_Teardown/Test_002" status="PASSED">
         <system-out><![CDATA[30-01-2024T12:39:35 - [TEST_CASE][PASSED] - Test Cases/Amazon_SetUp_Teardown/Test_002: Test Cases/Amazon_SetUp_Teardown/Test_002

30-01-2024T12:39:35 - [TEST_STEP][PASSED] - println("
 I am inside Test_002"): null]]></system-out>
         <system-err><![CDATA[]]></system-err>
      </testcase>
      <system-out><![CDATA[30-01-2024T12:39:35 - [TEST_SUITE][PASSED] - Amazon_Searchitem_SetUp_TearDown_Test Suite_002: Test Cases/Amazon_SetUp_Teardown/Test_002]]></system-out>
      <system-err><![CDATA[]]></system-err>
   </testsuite>
</testsuites>
